2023-08-08 23:57:40 INFO  Log:13 - =====================================loginTest TEST START=========================================
2023-08-08 23:57:42 INFO  Log:24 - Enter username and password
2023-08-08 23:57:46 INFO  Log:24 - Verify if you are on HomePage
2023-08-08 23:57:46 INFO  Log:17 - =====================================loginTest TEST END=========================================
2023-08-09 21:27:15 INFO  Log:13 - =====================================loginTest TEST START=========================================
2023-08-09 21:27:31 INFO  Log:24 - Enter username and password
2023-08-09 21:40:55 INFO  Log:13 - =====================================loginTest TEST START=========================================
2023-08-09 21:40:56 INFO  Log:24 - Enter username and password
2023-08-09 21:41:01 INFO  Log:24 - Verify if you are on HomePage
2023-08-09 21:41:01 INFO  Log:17 - =====================================loginTest TEST END=========================================
2023-08-10 23:46:23 INFO  Log:13 - =====================================loginTest TEST START=========================================
2023-08-10 23:46:24 INFO  Log:24 - Enter username and password
2023-08-10 23:46:27 INFO  Log:24 - Verify if you are on HomePage
2023-08-10 23:46:28 INFO  Log:17 - =====================================loginTest TEST END=========================================
2023-08-11 00:10:26 INFO  Log:13 - =====================================loginTest TEST START=========================================
2023-08-11 00:10:28 INFO  Log:24 - Enter username and password
2023-08-11 00:10:32 INFO  Log:24 - Verify if you are on HomePage
2023-08-11 00:10:33 INFO  Log:17 - =====================================loginTest TEST END=========================================
2023-08-11 00:29:02 INFO  Log:13 - =====================================loginTest TEST START=========================================
2023-08-11 00:29:04 INFO  Log:24 - Enter username and password
2023-08-11 00:29:07 INFO  Log:24 - Verify if you are on HomePage
2023-08-11 00:29:08 INFO  Log:17 - =====================================loginTest TEST END=========================================
2023-08-11 00:32:38 INFO  Log:13 - =====================================loginTest TEST START=========================================
2023-08-11 00:32:39 INFO  Log:24 - Enter username and password
2023-08-11 00:32:43 INFO  Log:24 - Verify if you are on HomePage
2023-08-11 00:32:43 INFO  Log:17 - =====================================loginTest TEST END=========================================
2023-08-11 00:32:44 DEBUG cache:45 - Couldn't find template in cache for "index.ftl"("en_IN", UTF-8, parsed); will try to load it.
2023-08-11 00:32:44 DEBUG cache:45 - TemplateLoader.findTemplateSource("index_en_IN.ftl"): Not found
2023-08-11 00:32:44 DEBUG cache:45 - TemplateLoader.findTemplateSource("index_en.ftl"): Not found
2023-08-11 00:32:44 DEBUG cache:45 - TemplateLoader.findTemplateSource("index.ftl"): Found
2023-08-11 00:32:44 DEBUG cache:45 - Loading template for "index.ftl"("en_IN", UTF-8, parsed) from "jar:file:/C:/Users/ASUS/.m2/repository/com/aventstack/extentreports/3.0.1/extentreports-3.0.1.jar!/com/aventstack/extentreports/view/html-report/index.ftl"
2023-08-11 00:32:44 DEBUG cache:45 - Couldn't find template in cache for "head.ftl"("en_IN", UTF-8, parsed); will try to load it.
2023-08-11 00:32:44 DEBUG cache:45 - TemplateLoader.findTemplateSource("head_en_IN.ftl"): Not found
2023-08-11 00:32:44 DEBUG cache:45 - TemplateLoader.findTemplateSource("head_en.ftl"): Not found
2023-08-11 00:32:44 DEBUG cache:45 - TemplateLoader.findTemplateSource("head.ftl"): Found
2023-08-11 00:32:44 DEBUG cache:45 - Loading template for "head.ftl"("en_IN", UTF-8, parsed) from "jar:file:/C:/Users/ASUS/.m2/repository/com/aventstack/extentreports/3.0.1/extentreports-3.0.1.jar!/com/aventstack/extentreports/view/html-report/head.ftl"
2023-08-11 00:32:44 DEBUG cache:45 - Couldn't find template in cache for "nav.ftl"("en_IN", UTF-8, parsed); will try to load it.
2023-08-11 00:32:44 DEBUG cache:45 - TemplateLoader.findTemplateSource("nav_en_IN.ftl"): Not found
2023-08-11 00:32:45 DEBUG cache:45 - TemplateLoader.findTemplateSource("nav_en.ftl"): Not found
2023-08-11 00:32:45 DEBUG cache:45 - TemplateLoader.findTemplateSource("nav.ftl"): Found
2023-08-11 00:32:45 DEBUG cache:45 - Loading template for "nav.ftl"("en_IN", UTF-8, parsed) from "jar:file:/C:/Users/ASUS/.m2/repository/com/aventstack/extentreports/3.0.1/extentreports-3.0.1.jar!/com/aventstack/extentreports/view/html-report/nav.ftl"
2023-08-11 00:32:45 DEBUG cache:45 - Couldn't find template in cache for "test-view/test-view.ftl"("en_IN", UTF-8, parsed); will try to load it.
2023-08-11 00:32:45 DEBUG cache:45 - TemplateLoader.findTemplateSource("test-view/test-view_en_IN.ftl"): Not found
2023-08-11 00:32:45 DEBUG cache:45 - TemplateLoader.findTemplateSource("test-view/test-view_en.ftl"): Not found
2023-08-11 00:32:45 DEBUG cache:45 - TemplateLoader.findTemplateSource("test-view/test-view.ftl"): Found
2023-08-11 00:32:45 DEBUG cache:45 - Loading template for "test-view/test-view.ftl"("en_IN", UTF-8, parsed) from "jar:file:/C:/Users/ASUS/.m2/repository/com/aventstack/extentreports/3.0.1/extentreports-3.0.1.jar!/com/aventstack/extentreports/view/html-report/test-view/test-view.ftl"
2023-08-11 00:32:45 DEBUG cache:45 - Couldn't find template in cache for "test-view/test-view-charts.ftl"("en_IN", UTF-8, parsed); will try to load it.
2023-08-11 00:32:45 DEBUG cache:45 - TemplateLoader.findTemplateSource("test-view/test-view-charts_en_IN.ftl"): Not found
2023-08-11 00:32:45 DEBUG cache:45 - TemplateLoader.findTemplateSource("test-view/test-view-charts_en.ftl"): Not found
2023-08-11 00:32:45 DEBUG cache:45 - TemplateLoader.findTemplateSource("test-view/test-view-charts.ftl"): Found
2023-08-11 00:32:45 DEBUG cache:45 - Loading template for "test-view/test-view-charts.ftl"("en_IN", UTF-8, parsed) from "jar:file:/C:/Users/ASUS/.m2/repository/com/aventstack/extentreports/3.0.1/extentreports-3.0.1.jar!/com/aventstack/extentreports/view/html-report/test-view/test-view-charts.ftl"
2023-08-11 00:32:45 DEBUG cache:45 - Couldn't find template in cache for "test-view/standard.ftl"("en_IN", UTF-8, parsed); will try to load it.
2023-08-11 00:32:45 DEBUG cache:45 - TemplateLoader.findTemplateSource("test-view/standard_en_IN.ftl"): Not found
2023-08-11 00:32:45 DEBUG cache:45 - TemplateLoader.findTemplateSource("test-view/standard_en.ftl"): Not found
2023-08-11 00:32:45 DEBUG cache:45 - TemplateLoader.findTemplateSource("test-view/standard.ftl"): Found
2023-08-11 00:32:45 DEBUG cache:45 - Loading template for "test-view/standard.ftl"("en_IN", UTF-8, parsed) from "jar:file:/C:/Users/ASUS/.m2/repository/com/aventstack/extentreports/3.0.1/extentreports-3.0.1.jar!/com/aventstack/extentreports/view/html-report/test-view/standard.ftl"
2023-08-11 00:32:45 DEBUG cache:45 - Couldn't find template in cache for "category-view/category-view.ftl"("en_IN", UTF-8, parsed); will try to load it.
2023-08-11 00:32:45 DEBUG cache:45 - TemplateLoader.findTemplateSource("category-view/category-view_en_IN.ftl"): Not found
2023-08-11 00:32:45 DEBUG cache:45 - TemplateLoader.findTemplateSource("category-view/category-view_en.ftl"): Not found
2023-08-11 00:32:45 DEBUG cache:45 - TemplateLoader.findTemplateSource("category-view/category-view.ftl"): Found
2023-08-11 00:32:45 DEBUG cache:45 - Loading template for "category-view/category-view.ftl"("en_IN", UTF-8, parsed) from "jar:file:/C:/Users/ASUS/.m2/repository/com/aventstack/extentreports/3.0.1/extentreports-3.0.1.jar!/com/aventstack/extentreports/view/html-report/category-view/category-view.ftl"
2023-08-11 00:32:45 DEBUG cache:45 - Couldn't find template in cache for "exception-view/exception-view.ftl"("en_IN", UTF-8, parsed); will try to load it.
2023-08-11 00:32:45 DEBUG cache:45 - TemplateLoader.findTemplateSource("exception-view/exception-view_en_IN.ftl"): Not found
2023-08-11 00:32:45 DEBUG cache:45 - TemplateLoader.findTemplateSource("exception-view/exception-view_en.ftl"): Not found
2023-08-11 00:32:45 DEBUG cache:45 - TemplateLoader.findTemplateSource("exception-view/exception-view.ftl"): Found
2023-08-11 00:32:45 DEBUG cache:45 - Loading template for "exception-view/exception-view.ftl"("en_IN", UTF-8, parsed) from "jar:file:/C:/Users/ASUS/.m2/repository/com/aventstack/extentreports/3.0.1/extentreports-3.0.1.jar!/com/aventstack/extentreports/view/html-report/exception-view/exception-view.ftl"
2023-08-11 00:32:45 DEBUG cache:45 - Couldn't find template in cache for "dashboard-view/dashboard-view.ftl"("en_IN", UTF-8, parsed); will try to load it.
2023-08-11 00:32:45 DEBUG cache:45 - TemplateLoader.findTemplateSource("dashboard-view/dashboard-view_en_IN.ftl"): Not found
2023-08-11 00:32:45 DEBUG cache:45 - TemplateLoader.findTemplateSource("dashboard-view/dashboard-view_en.ftl"): Not found
2023-08-11 00:32:45 DEBUG cache:45 - TemplateLoader.findTemplateSource("dashboard-view/dashboard-view.ftl"): Found
2023-08-11 00:32:45 DEBUG cache:45 - Loading template for "dashboard-view/dashboard-view.ftl"("en_IN", UTF-8, parsed) from "jar:file:/C:/Users/ASUS/.m2/repository/com/aventstack/extentreports/3.0.1/extentreports-3.0.1.jar!/com/aventstack/extentreports/view/html-report/dashboard-view/dashboard-view.ftl"
2023-08-11 00:32:45 DEBUG cache:45 - Couldn't find template in cache for "logs-view/testrunner-logs-view.ftl"("en_IN", UTF-8, parsed); will try to load it.
2023-08-11 00:32:45 DEBUG cache:45 - TemplateLoader.findTemplateSource("logs-view/testrunner-logs-view_en_IN.ftl"): Not found
2023-08-11 00:32:45 DEBUG cache:45 - TemplateLoader.findTemplateSource("logs-view/testrunner-logs-view_en.ftl"): Not found
2023-08-11 00:32:45 DEBUG cache:45 - TemplateLoader.findTemplateSource("logs-view/testrunner-logs-view.ftl"): Found
2023-08-11 00:32:45 DEBUG cache:45 - Loading template for "logs-view/testrunner-logs-view.ftl"("en_IN", UTF-8, parsed) from "jar:file:/C:/Users/ASUS/.m2/repository/com/aventstack/extentreports/3.0.1/extentreports-3.0.1.jar!/com/aventstack/extentreports/view/html-report/logs-view/testrunner-logs-view.ftl"
2023-08-11 00:33:32 DEBUG cache:45 - Couldn't find template in cache for "index.ftl"("en_IN", UTF-8, parsed); will try to load it.
2023-08-11 00:33:32 DEBUG cache:45 - TemplateLoader.findTemplateSource("index_en_IN.ftl"): Not found
2023-08-11 00:33:32 DEBUG cache:45 - TemplateLoader.findTemplateSource("index_en.ftl"): Not found
2023-08-11 00:33:32 DEBUG cache:45 - TemplateLoader.findTemplateSource("index.ftl"): Found
2023-08-11 00:33:32 DEBUG cache:45 - Loading template for "index.ftl"("en_IN", UTF-8, parsed) from "jar:file:/C:/Users/ASUS/.m2/repository/com/aventstack/extentreports/3.0.1/extentreports-3.0.1.jar!/com/aventstack/extentreports/view/html-report/index.ftl"
2023-08-11 00:33:32 DEBUG cache:45 - Couldn't find template in cache for "head.ftl"("en_IN", UTF-8, parsed); will try to load it.
2023-08-11 00:33:32 DEBUG cache:45 - TemplateLoader.findTemplateSource("head_en_IN.ftl"): Not found
2023-08-11 00:33:32 DEBUG cache:45 - TemplateLoader.findTemplateSource("head_en.ftl"): Not found
2023-08-11 00:33:32 DEBUG cache:45 - TemplateLoader.findTemplateSource("head.ftl"): Found
2023-08-11 00:33:32 DEBUG cache:45 - Loading template for "head.ftl"("en_IN", UTF-8, parsed) from "jar:file:/C:/Users/ASUS/.m2/repository/com/aventstack/extentreports/3.0.1/extentreports-3.0.1.jar!/com/aventstack/extentreports/view/html-report/head.ftl"
2023-08-11 00:33:32 DEBUG cache:45 - Couldn't find template in cache for "nav.ftl"("en_IN", UTF-8, parsed); will try to load it.
2023-08-11 00:33:32 DEBUG cache:45 - TemplateLoader.findTemplateSource("nav_en_IN.ftl"): Not found
2023-08-11 00:33:32 DEBUG cache:45 - TemplateLoader.findTemplateSource("nav_en.ftl"): Not found
2023-08-11 00:33:32 DEBUG cache:45 - TemplateLoader.findTemplateSource("nav.ftl"): Found
2023-08-11 00:33:32 DEBUG cache:45 - Loading template for "nav.ftl"("en_IN", UTF-8, parsed) from "jar:file:/C:/Users/ASUS/.m2/repository/com/aventstack/extentreports/3.0.1/extentreports-3.0.1.jar!/com/aventstack/extentreports/view/html-report/nav.ftl"
2023-08-11 00:33:32 DEBUG cache:45 - Couldn't find template in cache for "test-view/test-view.ftl"("en_IN", UTF-8, parsed); will try to load it.
2023-08-11 00:33:32 DEBUG cache:45 - TemplateLoader.findTemplateSource("test-view/test-view_en_IN.ftl"): Not found
2023-08-11 00:33:32 DEBUG cache:45 - TemplateLoader.findTemplateSource("test-view/test-view_en.ftl"): Not found
2023-08-11 00:33:32 DEBUG cache:45 - TemplateLoader.findTemplateSource("test-view/test-view.ftl"): Found
2023-08-11 00:33:32 DEBUG cache:45 - Loading template for "test-view/test-view.ftl"("en_IN", UTF-8, parsed) from "jar:file:/C:/Users/ASUS/.m2/repository/com/aventstack/extentreports/3.0.1/extentreports-3.0.1.jar!/com/aventstack/extentreports/view/html-report/test-view/test-view.ftl"
2023-08-11 00:33:32 DEBUG cache:45 - Couldn't find template in cache for "test-view/test-view-charts.ftl"("en_IN", UTF-8, parsed); will try to load it.
2023-08-11 00:33:32 DEBUG cache:45 - TemplateLoader.findTemplateSource("test-view/test-view-charts_en_IN.ftl"): Not found
2023-08-11 00:33:32 DEBUG cache:45 - TemplateLoader.findTemplateSource("test-view/test-view-charts_en.ftl"): Not found
2023-08-11 00:33:32 DEBUG cache:45 - TemplateLoader.findTemplateSource("test-view/test-view-charts.ftl"): Found
2023-08-11 00:33:32 DEBUG cache:45 - Loading template for "test-view/test-view-charts.ftl"("en_IN", UTF-8, parsed) from "jar:file:/C:/Users/ASUS/.m2/repository/com/aventstack/extentreports/3.0.1/extentreports-3.0.1.jar!/com/aventstack/extentreports/view/html-report/test-view/test-view-charts.ftl"
2023-08-11 00:33:32 DEBUG cache:45 - Couldn't find template in cache for "test-view/standard.ftl"("en_IN", UTF-8, parsed); will try to load it.
2023-08-11 00:33:32 DEBUG cache:45 - TemplateLoader.findTemplateSource("test-view/standard_en_IN.ftl"): Not found
2023-08-11 00:33:32 DEBUG cache:45 - TemplateLoader.findTemplateSource("test-view/standard_en.ftl"): Not found
2023-08-11 00:33:32 DEBUG cache:45 - TemplateLoader.findTemplateSource("test-view/standard.ftl"): Found
2023-08-11 00:33:32 DEBUG cache:45 - Loading template for "test-view/standard.ftl"("en_IN", UTF-8, parsed) from "jar:file:/C:/Users/ASUS/.m2/repository/com/aventstack/extentreports/3.0.1/extentreports-3.0.1.jar!/com/aventstack/extentreports/view/html-report/test-view/standard.ftl"
2023-08-11 00:33:32 DEBUG cache:45 - "test-view/standard.ftl"("en_IN", UTF-8, parsed) cached copy not yet stale; using cached.
2023-08-11 00:33:32 DEBUG cache:45 - Couldn't find template in cache for "category-view/category-view.ftl"("en_IN", UTF-8, parsed); will try to load it.
2023-08-11 00:33:32 DEBUG cache:45 - TemplateLoader.findTemplateSource("category-view/category-view_en_IN.ftl"): Not found
2023-08-11 00:33:32 DEBUG cache:45 - TemplateLoader.findTemplateSource("category-view/category-view_en.ftl"): Not found
2023-08-11 00:33:32 DEBUG cache:45 - TemplateLoader.findTemplateSource("category-view/category-view.ftl"): Found
2023-08-11 00:33:32 DEBUG cache:45 - Loading template for "category-view/category-view.ftl"("en_IN", UTF-8, parsed) from "jar:file:/C:/Users/ASUS/.m2/repository/com/aventstack/extentreports/3.0.1/extentreports-3.0.1.jar!/com/aventstack/extentreports/view/html-report/category-view/category-view.ftl"
2023-08-11 00:33:32 DEBUG cache:45 - Couldn't find template in cache for "exception-view/exception-view.ftl"("en_IN", UTF-8, parsed); will try to load it.
2023-08-11 00:33:32 DEBUG cache:45 - TemplateLoader.findTemplateSource("exception-view/exception-view_en_IN.ftl"): Not found
2023-08-11 00:33:32 DEBUG cache:45 - TemplateLoader.findTemplateSource("exception-view/exception-view_en.ftl"): Not found
2023-08-11 00:33:32 DEBUG cache:45 - TemplateLoader.findTemplateSource("exception-view/exception-view.ftl"): Found
2023-08-11 00:33:32 DEBUG cache:45 - Loading template for "exception-view/exception-view.ftl"("en_IN", UTF-8, parsed) from "jar:file:/C:/Users/ASUS/.m2/repository/com/aventstack/extentreports/3.0.1/extentreports-3.0.1.jar!/com/aventstack/extentreports/view/html-report/exception-view/exception-view.ftl"
2023-08-11 00:33:32 DEBUG cache:45 - Couldn't find template in cache for "dashboard-view/dashboard-view.ftl"("en_IN", UTF-8, parsed); will try to load it.
2023-08-11 00:33:32 DEBUG cache:45 - TemplateLoader.findTemplateSource("dashboard-view/dashboard-view_en_IN.ftl"): Not found
2023-08-11 00:33:32 DEBUG cache:45 - TemplateLoader.findTemplateSource("dashboard-view/dashboard-view_en.ftl"): Not found
2023-08-11 00:33:32 DEBUG cache:45 - TemplateLoader.findTemplateSource("dashboard-view/dashboard-view.ftl"): Found
2023-08-11 00:33:32 DEBUG cache:45 - Loading template for "dashboard-view/dashboard-view.ftl"("en_IN", UTF-8, parsed) from "jar:file:/C:/Users/ASUS/.m2/repository/com/aventstack/extentreports/3.0.1/extentreports-3.0.1.jar!/com/aventstack/extentreports/view/html-report/dashboard-view/dashboard-view.ftl"
2023-08-11 00:33:32 DEBUG cache:45 - Couldn't find template in cache for "logs-view/testrunner-logs-view.ftl"("en_IN", UTF-8, parsed); will try to load it.
2023-08-11 00:33:32 DEBUG cache:45 - TemplateLoader.findTemplateSource("logs-view/testrunner-logs-view_en_IN.ftl"): Not found
2023-08-11 00:33:32 DEBUG cache:45 - TemplateLoader.findTemplateSource("logs-view/testrunner-logs-view_en.ftl"): Not found
2023-08-11 00:33:32 DEBUG cache:45 - TemplateLoader.findTemplateSource("logs-view/testrunner-logs-view.ftl"): Found
2023-08-11 00:33:32 DEBUG cache:45 - Loading template for "logs-view/testrunner-logs-view.ftl"("en_IN", UTF-8, parsed) from "jar:file:/C:/Users/ASUS/.m2/repository/com/aventstack/extentreports/3.0.1/extentreports-3.0.1.jar!/com/aventstack/extentreports/view/html-report/logs-view/testrunner-logs-view.ftl"
2023-08-11 00:37:15 INFO  Log:13 - =====================================loginTest TEST START=========================================
2023-08-11 00:37:17 INFO  Log:24 - Enter username and password
2023-08-11 00:37:21 INFO  Log:24 - Verify if you are on HomePage
2023-08-11 00:37:22 INFO  Log:17 - =====================================loginTest TEST END=========================================
2023-08-11 00:37:22 DEBUG cache:45 - Couldn't find template in cache for "index.ftl"("en_IN", UTF-8, parsed); will try to load it.
2023-08-11 00:37:22 DEBUG cache:45 - TemplateLoader.findTemplateSource("index_en_IN.ftl"): Not found
2023-08-11 00:37:22 DEBUG cache:45 - TemplateLoader.findTemplateSource("index_en.ftl"): Not found
2023-08-11 00:37:22 DEBUG cache:45 - TemplateLoader.findTemplateSource("index.ftl"): Found
2023-08-11 00:37:22 DEBUG cache:45 - Loading template for "index.ftl"("en_IN", UTF-8, parsed) from "jar:file:/C:/Users/ASUS/.m2/repository/com/aventstack/extentreports/3.0.1/extentreports-3.0.1.jar!/com/aventstack/extentreports/view/html-report/index.ftl"
2023-08-11 00:37:23 DEBUG cache:45 - Couldn't find template in cache for "head.ftl"("en_IN", UTF-8, parsed); will try to load it.
2023-08-11 00:37:23 DEBUG cache:45 - TemplateLoader.findTemplateSource("head_en_IN.ftl"): Not found
2023-08-11 00:37:23 DEBUG cache:45 - TemplateLoader.findTemplateSource("head_en.ftl"): Not found
2023-08-11 00:37:23 DEBUG cache:45 - TemplateLoader.findTemplateSource("head.ftl"): Found
2023-08-11 00:37:23 DEBUG cache:45 - Loading template for "head.ftl"("en_IN", UTF-8, parsed) from "jar:file:/C:/Users/ASUS/.m2/repository/com/aventstack/extentreports/3.0.1/extentreports-3.0.1.jar!/com/aventstack/extentreports/view/html-report/head.ftl"
2023-08-11 00:37:23 DEBUG cache:45 - Couldn't find template in cache for "nav.ftl"("en_IN", UTF-8, parsed); will try to load it.
2023-08-11 00:37:23 DEBUG cache:45 - TemplateLoader.findTemplateSource("nav_en_IN.ftl"): Not found
2023-08-11 00:37:23 DEBUG cache:45 - TemplateLoader.findTemplateSource("nav_en.ftl"): Not found
2023-08-11 00:37:23 DEBUG cache:45 - TemplateLoader.findTemplateSource("nav.ftl"): Found
2023-08-11 00:37:23 DEBUG cache:45 - Loading template for "nav.ftl"("en_IN", UTF-8, parsed) from "jar:file:/C:/Users/ASUS/.m2/repository/com/aventstack/extentreports/3.0.1/extentreports-3.0.1.jar!/com/aventstack/extentreports/view/html-report/nav.ftl"
2023-08-11 00:37:23 DEBUG cache:45 - Couldn't find template in cache for "test-view/test-view.ftl"("en_IN", UTF-8, parsed); will try to load it.
2023-08-11 00:37:23 DEBUG cache:45 - TemplateLoader.findTemplateSource("test-view/test-view_en_IN.ftl"): Not found
2023-08-11 00:37:23 DEBUG cache:45 - TemplateLoader.findTemplateSource("test-view/test-view_en.ftl"): Not found
2023-08-11 00:37:23 DEBUG cache:45 - TemplateLoader.findTemplateSource("test-view/test-view.ftl"): Found
2023-08-11 00:37:23 DEBUG cache:45 - Loading template for "test-view/test-view.ftl"("en_IN", UTF-8, parsed) from "jar:file:/C:/Users/ASUS/.m2/repository/com/aventstack/extentreports/3.0.1/extentreports-3.0.1.jar!/com/aventstack/extentreports/view/html-report/test-view/test-view.ftl"
2023-08-11 00:37:23 DEBUG cache:45 - Couldn't find template in cache for "test-view/test-view-charts.ftl"("en_IN", UTF-8, parsed); will try to load it.
2023-08-11 00:37:23 DEBUG cache:45 - TemplateLoader.findTemplateSource("test-view/test-view-charts_en_IN.ftl"): Not found
2023-08-11 00:37:23 DEBUG cache:45 - TemplateLoader.findTemplateSource("test-view/test-view-charts_en.ftl"): Not found
2023-08-11 00:37:23 DEBUG cache:45 - TemplateLoader.findTemplateSource("test-view/test-view-charts.ftl"): Found
2023-08-11 00:37:23 DEBUG cache:45 - Loading template for "test-view/test-view-charts.ftl"("en_IN", UTF-8, parsed) from "jar:file:/C:/Users/ASUS/.m2/repository/com/aventstack/extentreports/3.0.1/extentreports-3.0.1.jar!/com/aventstack/extentreports/view/html-report/test-view/test-view-charts.ftl"
2023-08-11 00:37:23 DEBUG cache:45 - Couldn't find template in cache for "test-view/standard.ftl"("en_IN", UTF-8, parsed); will try to load it.
2023-08-11 00:37:23 DEBUG cache:45 - TemplateLoader.findTemplateSource("test-view/standard_en_IN.ftl"): Not found
2023-08-11 00:37:23 DEBUG cache:45 - TemplateLoader.findTemplateSource("test-view/standard_en.ftl"): Not found
2023-08-11 00:37:23 DEBUG cache:45 - TemplateLoader.findTemplateSource("test-view/standard.ftl"): Found
2023-08-11 00:37:23 DEBUG cache:45 - Loading template for "test-view/standard.ftl"("en_IN", UTF-8, parsed) from "jar:file:/C:/Users/ASUS/.m2/repository/com/aventstack/extentreports/3.0.1/extentreports-3.0.1.jar!/com/aventstack/extentreports/view/html-report/test-view/standard.ftl"
2023-08-11 00:37:23 DEBUG cache:45 - Couldn't find template in cache for "category-view/category-view.ftl"("en_IN", UTF-8, parsed); will try to load it.
2023-08-11 00:37:23 DEBUG cache:45 - TemplateLoader.findTemplateSource("category-view/category-view_en_IN.ftl"): Not found
2023-08-11 00:37:23 DEBUG cache:45 - TemplateLoader.findTemplateSource("category-view/category-view_en.ftl"): Not found
2023-08-11 00:37:23 DEBUG cache:45 - TemplateLoader.findTemplateSource("category-view/category-view.ftl"): Found
2023-08-11 00:37:23 DEBUG cache:45 - Loading template for "category-view/category-view.ftl"("en_IN", UTF-8, parsed) from "jar:file:/C:/Users/ASUS/.m2/repository/com/aventstack/extentreports/3.0.1/extentreports-3.0.1.jar!/com/aventstack/extentreports/view/html-report/category-view/category-view.ftl"
2023-08-11 00:37:23 DEBUG cache:45 - Couldn't find template in cache for "exception-view/exception-view.ftl"("en_IN", UTF-8, parsed); will try to load it.
2023-08-11 00:37:23 DEBUG cache:45 - TemplateLoader.findTemplateSource("exception-view/exception-view_en_IN.ftl"): Not found
2023-08-11 00:37:23 DEBUG cache:45 - TemplateLoader.findTemplateSource("exception-view/exception-view_en.ftl"): Not found
2023-08-11 00:37:23 DEBUG cache:45 - TemplateLoader.findTemplateSource("exception-view/exception-view.ftl"): Found
2023-08-11 00:37:23 DEBUG cache:45 - Loading template for "exception-view/exception-view.ftl"("en_IN", UTF-8, parsed) from "jar:file:/C:/Users/ASUS/.m2/repository/com/aventstack/extentreports/3.0.1/extentreports-3.0.1.jar!/com/aventstack/extentreports/view/html-report/exception-view/exception-view.ftl"
2023-08-11 00:37:23 DEBUG cache:45 - Couldn't find template in cache for "dashboard-view/dashboard-view.ftl"("en_IN", UTF-8, parsed); will try to load it.
2023-08-11 00:37:23 DEBUG cache:45 - TemplateLoader.findTemplateSource("dashboard-view/dashboard-view_en_IN.ftl"): Not found
2023-08-11 00:37:23 DEBUG cache:45 - TemplateLoader.findTemplateSource("dashboard-view/dashboard-view_en.ftl"): Not found
2023-08-11 00:37:23 DEBUG cache:45 - TemplateLoader.findTemplateSource("dashboard-view/dashboard-view.ftl"): Found
2023-08-11 00:37:23 DEBUG cache:45 - Loading template for "dashboard-view/dashboard-view.ftl"("en_IN", UTF-8, parsed) from "jar:file:/C:/Users/ASUS/.m2/repository/com/aventstack/extentreports/3.0.1/extentreports-3.0.1.jar!/com/aventstack/extentreports/view/html-report/dashboard-view/dashboard-view.ftl"
2023-08-11 00:37:23 DEBUG cache:45 - Couldn't find template in cache for "logs-view/testrunner-logs-view.ftl"("en_IN", UTF-8, parsed); will try to load it.
2023-08-11 00:37:23 DEBUG cache:45 - TemplateLoader.findTemplateSource("logs-view/testrunner-logs-view_en_IN.ftl"): Not found
2023-08-11 00:37:23 DEBUG cache:45 - TemplateLoader.findTemplateSource("logs-view/testrunner-logs-view_en.ftl"): Not found
2023-08-11 00:37:23 DEBUG cache:45 - TemplateLoader.findTemplateSource("logs-view/testrunner-logs-view.ftl"): Found
2023-08-11 00:37:23 DEBUG cache:45 - Loading template for "logs-view/testrunner-logs-view.ftl"("en_IN", UTF-8, parsed) from "jar:file:/C:/Users/ASUS/.m2/repository/com/aventstack/extentreports/3.0.1/extentreports-3.0.1.jar!/com/aventstack/extentreports/view/html-report/logs-view/testrunner-logs-view.ftl"
2023-08-11 00:37:35 DEBUG cache:45 - Couldn't find template in cache for "index.ftl"("en_IN", UTF-8, parsed); will try to load it.
2023-08-11 00:37:35 DEBUG cache:45 - TemplateLoader.findTemplateSource("index_en_IN.ftl"): Not found
2023-08-11 00:37:35 DEBUG cache:45 - TemplateLoader.findTemplateSource("index_en.ftl"): Not found
2023-08-11 00:37:35 DEBUG cache:45 - TemplateLoader.findTemplateSource("index.ftl"): Found
2023-08-11 00:37:35 DEBUG cache:45 - Loading template for "index.ftl"("en_IN", UTF-8, parsed) from "jar:file:/C:/Users/ASUS/.m2/repository/com/aventstack/extentreports/3.0.1/extentreports-3.0.1.jar!/com/aventstack/extentreports/view/html-report/index.ftl"
2023-08-11 00:37:35 DEBUG cache:45 - Couldn't find template in cache for "head.ftl"("en_IN", UTF-8, parsed); will try to load it.
2023-08-11 00:37:35 DEBUG cache:45 - TemplateLoader.findTemplateSource("head_en_IN.ftl"): Not found
2023-08-11 00:37:35 DEBUG cache:45 - TemplateLoader.findTemplateSource("head_en.ftl"): Not found
2023-08-11 00:37:35 DEBUG cache:45 - TemplateLoader.findTemplateSource("head.ftl"): Found
2023-08-11 00:37:35 DEBUG cache:45 - Loading template for "head.ftl"("en_IN", UTF-8, parsed) from "jar:file:/C:/Users/ASUS/.m2/repository/com/aventstack/extentreports/3.0.1/extentreports-3.0.1.jar!/com/aventstack/extentreports/view/html-report/head.ftl"
2023-08-11 00:37:35 DEBUG cache:45 - Couldn't find template in cache for "nav.ftl"("en_IN", UTF-8, parsed); will try to load it.
2023-08-11 00:37:35 DEBUG cache:45 - TemplateLoader.findTemplateSource("nav_en_IN.ftl"): Not found
2023-08-11 00:37:35 DEBUG cache:45 - TemplateLoader.findTemplateSource("nav_en.ftl"): Not found
2023-08-11 00:37:35 DEBUG cache:45 - TemplateLoader.findTemplateSource("nav.ftl"): Found
2023-08-11 00:37:35 DEBUG cache:45 - Loading template for "nav.ftl"("en_IN", UTF-8, parsed) from "jar:file:/C:/Users/ASUS/.m2/repository/com/aventstack/extentreports/3.0.1/extentreports-3.0.1.jar!/com/aventstack/extentreports/view/html-report/nav.ftl"
2023-08-11 00:37:35 DEBUG cache:45 - Couldn't find template in cache for "test-view/test-view.ftl"("en_IN", UTF-8, parsed); will try to load it.
2023-08-11 00:37:35 DEBUG cache:45 - TemplateLoader.findTemplateSource("test-view/test-view_en_IN.ftl"): Not found
2023-08-11 00:37:35 DEBUG cache:45 - TemplateLoader.findTemplateSource("test-view/test-view_en.ftl"): Not found
2023-08-11 00:37:35 DEBUG cache:45 - TemplateLoader.findTemplateSource("test-view/test-view.ftl"): Found
2023-08-11 00:37:35 DEBUG cache:45 - Loading template for "test-view/test-view.ftl"("en_IN", UTF-8, parsed) from "jar:file:/C:/Users/ASUS/.m2/repository/com/aventstack/extentreports/3.0.1/extentreports-3.0.1.jar!/com/aventstack/extentreports/view/html-report/test-view/test-view.ftl"
2023-08-11 00:37:35 DEBUG cache:45 - Couldn't find template in cache for "test-view/test-view-charts.ftl"("en_IN", UTF-8, parsed); will try to load it.
2023-08-11 00:37:35 DEBUG cache:45 - TemplateLoader.findTemplateSource("test-view/test-view-charts_en_IN.ftl"): Not found
2023-08-11 00:37:35 DEBUG cache:45 - TemplateLoader.findTemplateSource("test-view/test-view-charts_en.ftl"): Not found
2023-08-11 00:37:35 DEBUG cache:45 - TemplateLoader.findTemplateSource("test-view/test-view-charts.ftl"): Found
2023-08-11 00:37:35 DEBUG cache:45 - Loading template for "test-view/test-view-charts.ftl"("en_IN", UTF-8, parsed) from "jar:file:/C:/Users/ASUS/.m2/repository/com/aventstack/extentreports/3.0.1/extentreports-3.0.1.jar!/com/aventstack/extentreports/view/html-report/test-view/test-view-charts.ftl"
2023-08-11 00:37:35 DEBUG cache:45 - Couldn't find template in cache for "test-view/standard.ftl"("en_IN", UTF-8, parsed); will try to load it.
2023-08-11 00:37:35 DEBUG cache:45 - TemplateLoader.findTemplateSource("test-view/standard_en_IN.ftl"): Not found
2023-08-11 00:37:35 DEBUG cache:45 - TemplateLoader.findTemplateSource("test-view/standard_en.ftl"): Not found
2023-08-11 00:37:35 DEBUG cache:45 - TemplateLoader.findTemplateSource("test-view/standard.ftl"): Found
2023-08-11 00:37:35 DEBUG cache:45 - Loading template for "test-view/standard.ftl"("en_IN", UTF-8, parsed) from "jar:file:/C:/Users/ASUS/.m2/repository/com/aventstack/extentreports/3.0.1/extentreports-3.0.1.jar!/com/aventstack/extentreports/view/html-report/test-view/standard.ftl"
2023-08-11 00:37:35 DEBUG cache:45 - "test-view/standard.ftl"("en_IN", UTF-8, parsed) cached copy not yet stale; using cached.
2023-08-11 00:37:35 DEBUG cache:45 - Couldn't find template in cache for "category-view/category-view.ftl"("en_IN", UTF-8, parsed); will try to load it.
2023-08-11 00:37:35 DEBUG cache:45 - TemplateLoader.findTemplateSource("category-view/category-view_en_IN.ftl"): Not found
2023-08-11 00:37:35 DEBUG cache:45 - TemplateLoader.findTemplateSource("category-view/category-view_en.ftl"): Not found
2023-08-11 00:37:35 DEBUG cache:45 - TemplateLoader.findTemplateSource("category-view/category-view.ftl"): Found
2023-08-11 00:37:35 DEBUG cache:45 - Loading template for "category-view/category-view.ftl"("en_IN", UTF-8, parsed) from "jar:file:/C:/Users/ASUS/.m2/repository/com/aventstack/extentreports/3.0.1/extentreports-3.0.1.jar!/com/aventstack/extentreports/view/html-report/category-view/category-view.ftl"
2023-08-11 00:37:35 DEBUG cache:45 - Couldn't find template in cache for "exception-view/exception-view.ftl"("en_IN", UTF-8, parsed); will try to load it.
2023-08-11 00:37:35 DEBUG cache:45 - TemplateLoader.findTemplateSource("exception-view/exception-view_en_IN.ftl"): Not found
2023-08-11 00:37:35 DEBUG cache:45 - TemplateLoader.findTemplateSource("exception-view/exception-view_en.ftl"): Not found
2023-08-11 00:37:35 DEBUG cache:45 - TemplateLoader.findTemplateSource("exception-view/exception-view.ftl"): Found
2023-08-11 00:37:35 DEBUG cache:45 - Loading template for "exception-view/exception-view.ftl"("en_IN", UTF-8, parsed) from "jar:file:/C:/Users/ASUS/.m2/repository/com/aventstack/extentreports/3.0.1/extentreports-3.0.1.jar!/com/aventstack/extentreports/view/html-report/exception-view/exception-view.ftl"
2023-08-11 00:37:35 DEBUG cache:45 - Couldn't find template in cache for "dashboard-view/dashboard-view.ftl"("en_IN", UTF-8, parsed); will try to load it.
2023-08-11 00:37:35 DEBUG cache:45 - TemplateLoader.findTemplateSource("dashboard-view/dashboard-view_en_IN.ftl"): Not found
2023-08-11 00:37:35 DEBUG cache:45 - TemplateLoader.findTemplateSource("dashboard-view/dashboard-view_en.ftl"): Not found
2023-08-11 00:37:35 DEBUG cache:45 - TemplateLoader.findTemplateSource("dashboard-view/dashboard-view.ftl"): Found
2023-08-11 00:37:35 DEBUG cache:45 - Loading template for "dashboard-view/dashboard-view.ftl"("en_IN", UTF-8, parsed) from "jar:file:/C:/Users/ASUS/.m2/repository/com/aventstack/extentreports/3.0.1/extentreports-3.0.1.jar!/com/aventstack/extentreports/view/html-report/dashboard-view/dashboard-view.ftl"
2023-08-11 00:37:35 DEBUG cache:45 - Couldn't find template in cache for "logs-view/testrunner-logs-view.ftl"("en_IN", UTF-8, parsed); will try to load it.
2023-08-11 00:37:35 DEBUG cache:45 - TemplateLoader.findTemplateSource("logs-view/testrunner-logs-view_en_IN.ftl"): Not found
2023-08-11 00:37:35 DEBUG cache:45 - TemplateLoader.findTemplateSource("logs-view/testrunner-logs-view_en.ftl"): Not found
2023-08-11 00:37:35 DEBUG cache:45 - TemplateLoader.findTemplateSource("logs-view/testrunner-logs-view.ftl"): Found
2023-08-11 00:37:35 DEBUG cache:45 - Loading template for "logs-view/testrunner-logs-view.ftl"("en_IN", UTF-8, parsed) from "jar:file:/C:/Users/ASUS/.m2/repository/com/aventstack/extentreports/3.0.1/extentreports-3.0.1.jar!/com/aventstack/extentreports/view/html-report/logs-view/testrunner-logs-view.ftl"
2023-08-11 00:39:55 DEBUG cache:45 - Couldn't find template in cache for "index.ftl"("en_IN", UTF-8, parsed); will try to load it.
2023-08-11 00:39:55 DEBUG cache:45 - TemplateLoader.findTemplateSource("index_en_IN.ftl"): Not found
2023-08-11 00:39:55 DEBUG cache:45 - TemplateLoader.findTemplateSource("index_en.ftl"): Not found
2023-08-11 00:39:55 DEBUG cache:45 - TemplateLoader.findTemplateSource("index.ftl"): Found
2023-08-11 00:39:55 DEBUG cache:45 - Loading template for "index.ftl"("en_IN", UTF-8, parsed) from "jar:file:/C:/Users/ASUS/.m2/repository/com/aventstack/extentreports/3.0.1/extentreports-3.0.1.jar!/com/aventstack/extentreports/view/html-report/index.ftl"
2023-08-11 00:39:56 DEBUG cache:45 - Couldn't find template in cache for "head.ftl"("en_IN", UTF-8, parsed); will try to load it.
2023-08-11 00:39:56 DEBUG cache:45 - TemplateLoader.findTemplateSource("head_en_IN.ftl"): Not found
2023-08-11 00:39:56 DEBUG cache:45 - TemplateLoader.findTemplateSource("head_en.ftl"): Not found
2023-08-11 00:39:56 DEBUG cache:45 - TemplateLoader.findTemplateSource("head.ftl"): Found
2023-08-11 00:39:56 DEBUG cache:45 - Loading template for "head.ftl"("en_IN", UTF-8, parsed) from "jar:file:/C:/Users/ASUS/.m2/repository/com/aventstack/extentreports/3.0.1/extentreports-3.0.1.jar!/com/aventstack/extentreports/view/html-report/head.ftl"
2023-08-11 00:39:56 DEBUG cache:45 - Couldn't find template in cache for "nav.ftl"("en_IN", UTF-8, parsed); will try to load it.
2023-08-11 00:39:56 DEBUG cache:45 - TemplateLoader.findTemplateSource("nav_en_IN.ftl"): Not found
2023-08-11 00:39:56 DEBUG cache:45 - TemplateLoader.findTemplateSource("nav_en.ftl"): Not found
2023-08-11 00:39:56 DEBUG cache:45 - TemplateLoader.findTemplateSource("nav.ftl"): Found
2023-08-11 00:39:56 DEBUG cache:45 - Loading template for "nav.ftl"("en_IN", UTF-8, parsed) from "jar:file:/C:/Users/ASUS/.m2/repository/com/aventstack/extentreports/3.0.1/extentreports-3.0.1.jar!/com/aventstack/extentreports/view/html-report/nav.ftl"
2023-08-11 00:39:56 DEBUG cache:45 - Couldn't find template in cache for "test-view/test-view.ftl"("en_IN", UTF-8, parsed); will try to load it.
2023-08-11 00:39:56 DEBUG cache:45 - TemplateLoader.findTemplateSource("test-view/test-view_en_IN.ftl"): Not found
2023-08-11 00:39:56 DEBUG cache:45 - TemplateLoader.findTemplateSource("test-view/test-view_en.ftl"): Not found
2023-08-11 00:39:56 DEBUG cache:45 - TemplateLoader.findTemplateSource("test-view/test-view.ftl"): Found
2023-08-11 00:39:56 DEBUG cache:45 - Loading template for "test-view/test-view.ftl"("en_IN", UTF-8, parsed) from "jar:file:/C:/Users/ASUS/.m2/repository/com/aventstack/extentreports/3.0.1/extentreports-3.0.1.jar!/com/aventstack/extentreports/view/html-report/test-view/test-view.ftl"
2023-08-11 00:39:56 DEBUG cache:45 - Couldn't find template in cache for "test-view/test-view-charts.ftl"("en_IN", UTF-8, parsed); will try to load it.
2023-08-11 00:39:56 DEBUG cache:45 - TemplateLoader.findTemplateSource("test-view/test-view-charts_en_IN.ftl"): Not found
2023-08-11 00:39:56 DEBUG cache:45 - TemplateLoader.findTemplateSource("test-view/test-view-charts_en.ftl"): Not found
2023-08-11 00:39:56 DEBUG cache:45 - TemplateLoader.findTemplateSource("test-view/test-view-charts.ftl"): Found
2023-08-11 00:39:56 DEBUG cache:45 - Loading template for "test-view/test-view-charts.ftl"("en_IN", UTF-8, parsed) from "jar:file:/C:/Users/ASUS/.m2/repository/com/aventstack/extentreports/3.0.1/extentreports-3.0.1.jar!/com/aventstack/extentreports/view/html-report/test-view/test-view-charts.ftl"
2023-08-11 00:39:56 DEBUG cache:45 - Couldn't find template in cache for "test-view/standard.ftl"("en_IN", UTF-8, parsed); will try to load it.
2023-08-11 00:39:56 DEBUG cache:45 - TemplateLoader.findTemplateSource("test-view/standard_en_IN.ftl"): Not found
2023-08-11 00:39:56 DEBUG cache:45 - TemplateLoader.findTemplateSource("test-view/standard_en.ftl"): Not found
2023-08-11 00:39:56 DEBUG cache:45 - TemplateLoader.findTemplateSource("test-view/standard.ftl"): Found
2023-08-11 00:39:56 DEBUG cache:45 - Loading template for "test-view/standard.ftl"("en_IN", UTF-8, parsed) from "jar:file:/C:/Users/ASUS/.m2/repository/com/aventstack/extentreports/3.0.1/extentreports-3.0.1.jar!/com/aventstack/extentreports/view/html-report/test-view/standard.ftl"
2023-08-11 00:39:56 DEBUG cache:45 - Couldn't find template in cache for "category-view/category-view.ftl"("en_IN", UTF-8, parsed); will try to load it.
2023-08-11 00:39:56 DEBUG cache:45 - TemplateLoader.findTemplateSource("category-view/category-view_en_IN.ftl"): Not found
2023-08-11 00:39:56 DEBUG cache:45 - TemplateLoader.findTemplateSource("category-view/category-view_en.ftl"): Not found
2023-08-11 00:39:56 DEBUG cache:45 - TemplateLoader.findTemplateSource("category-view/category-view.ftl"): Found
2023-08-11 00:39:56 DEBUG cache:45 - Loading template for "category-view/category-view.ftl"("en_IN", UTF-8, parsed) from "jar:file:/C:/Users/ASUS/.m2/repository/com/aventstack/extentreports/3.0.1/extentreports-3.0.1.jar!/com/aventstack/extentreports/view/html-report/category-view/category-view.ftl"
2023-08-11 00:39:56 DEBUG cache:45 - Couldn't find template in cache for "exception-view/exception-view.ftl"("en_IN", UTF-8, parsed); will try to load it.
2023-08-11 00:39:56 DEBUG cache:45 - TemplateLoader.findTemplateSource("exception-view/exception-view_en_IN.ftl"): Not found
2023-08-11 00:39:56 DEBUG cache:45 - TemplateLoader.findTemplateSource("exception-view/exception-view_en.ftl"): Not found
2023-08-11 00:39:56 DEBUG cache:45 - TemplateLoader.findTemplateSource("exception-view/exception-view.ftl"): Found
2023-08-11 00:39:56 DEBUG cache:45 - Loading template for "exception-view/exception-view.ftl"("en_IN", UTF-8, parsed) from "jar:file:/C:/Users/ASUS/.m2/repository/com/aventstack/extentreports/3.0.1/extentreports-3.0.1.jar!/com/aventstack/extentreports/view/html-report/exception-view/exception-view.ftl"
2023-08-11 00:39:56 DEBUG cache:45 - Couldn't find template in cache for "dashboard-view/dashboard-view.ftl"("en_IN", UTF-8, parsed); will try to load it.
2023-08-11 00:39:56 DEBUG cache:45 - TemplateLoader.findTemplateSource("dashboard-view/dashboard-view_en_IN.ftl"): Not found
2023-08-11 00:39:56 DEBUG cache:45 - TemplateLoader.findTemplateSource("dashboard-view/dashboard-view_en.ftl"): Not found
2023-08-11 00:39:56 DEBUG cache:45 - TemplateLoader.findTemplateSource("dashboard-view/dashboard-view.ftl"): Found
2023-08-11 00:39:56 DEBUG cache:45 - Loading template for "dashboard-view/dashboard-view.ftl"("en_IN", UTF-8, parsed) from "jar:file:/C:/Users/ASUS/.m2/repository/com/aventstack/extentreports/3.0.1/extentreports-3.0.1.jar!/com/aventstack/extentreports/view/html-report/dashboard-view/dashboard-view.ftl"
2023-08-11 00:39:56 DEBUG cache:45 - Couldn't find template in cache for "logs-view/testrunner-logs-view.ftl"("en_IN", UTF-8, parsed); will try to load it.
2023-08-11 00:39:56 DEBUG cache:45 - TemplateLoader.findTemplateSource("logs-view/testrunner-logs-view_en_IN.ftl"): Not found
2023-08-11 00:39:56 DEBUG cache:45 - TemplateLoader.findTemplateSource("logs-view/testrunner-logs-view_en.ftl"): Not found
2023-08-11 00:39:56 DEBUG cache:45 - TemplateLoader.findTemplateSource("logs-view/testrunner-logs-view.ftl"): Found
2023-08-11 00:39:56 DEBUG cache:45 - Loading template for "logs-view/testrunner-logs-view.ftl"("en_IN", UTF-8, parsed) from "jar:file:/C:/Users/ASUS/.m2/repository/com/aventstack/extentreports/3.0.1/extentreports-3.0.1.jar!/com/aventstack/extentreports/view/html-report/logs-view/testrunner-logs-view.ftl"
2023-08-11 00:40:58 INFO  Log:13 - =====================================loginTest TEST START=========================================
2023-08-11 00:41:00 INFO  Log:24 - Enter username and password
2023-08-11 00:41:05 INFO  Log:24 - Verify if you are on HomePage
2023-08-11 00:41:06 INFO  Log:17 - =====================================loginTest TEST END=========================================
2023-08-11 00:41:07 DEBUG cache:45 - Couldn't find template in cache for "index.ftl"("en_IN", UTF-8, parsed); will try to load it.
2023-08-11 00:41:07 DEBUG cache:45 - TemplateLoader.findTemplateSource("index_en_IN.ftl"): Not found
2023-08-11 00:41:07 DEBUG cache:45 - TemplateLoader.findTemplateSource("index_en.ftl"): Not found
2023-08-11 00:41:07 DEBUG cache:45 - TemplateLoader.findTemplateSource("index.ftl"): Found
2023-08-11 00:41:07 DEBUG cache:45 - Loading template for "index.ftl"("en_IN", UTF-8, parsed) from "jar:file:/C:/Users/ASUS/.m2/repository/com/aventstack/extentreports/3.0.1/extentreports-3.0.1.jar!/com/aventstack/extentreports/view/html-report/index.ftl"
2023-08-11 00:41:07 DEBUG cache:45 - Couldn't find template in cache for "head.ftl"("en_IN", UTF-8, parsed); will try to load it.
2023-08-11 00:41:07 DEBUG cache:45 - TemplateLoader.findTemplateSource("head_en_IN.ftl"): Not found
2023-08-11 00:41:07 DEBUG cache:45 - TemplateLoader.findTemplateSource("head_en.ftl"): Not found
2023-08-11 00:41:07 DEBUG cache:45 - TemplateLoader.findTemplateSource("head.ftl"): Found
2023-08-11 00:41:07 DEBUG cache:45 - Loading template for "head.ftl"("en_IN", UTF-8, parsed) from "jar:file:/C:/Users/ASUS/.m2/repository/com/aventstack/extentreports/3.0.1/extentreports-3.0.1.jar!/com/aventstack/extentreports/view/html-report/head.ftl"
2023-08-11 00:41:07 DEBUG cache:45 - Couldn't find template in cache for "nav.ftl"("en_IN", UTF-8, parsed); will try to load it.
2023-08-11 00:41:07 DEBUG cache:45 - TemplateLoader.findTemplateSource("nav_en_IN.ftl"): Not found
2023-08-11 00:41:07 DEBUG cache:45 - TemplateLoader.findTemplateSource("nav_en.ftl"): Not found
2023-08-11 00:41:07 DEBUG cache:45 - TemplateLoader.findTemplateSource("nav.ftl"): Found
2023-08-11 00:41:07 DEBUG cache:45 - Loading template for "nav.ftl"("en_IN", UTF-8, parsed) from "jar:file:/C:/Users/ASUS/.m2/repository/com/aventstack/extentreports/3.0.1/extentreports-3.0.1.jar!/com/aventstack/extentreports/view/html-report/nav.ftl"
2023-08-11 00:41:07 DEBUG cache:45 - Couldn't find template in cache for "test-view/test-view.ftl"("en_IN", UTF-8, parsed); will try to load it.
2023-08-11 00:41:07 DEBUG cache:45 - TemplateLoader.findTemplateSource("test-view/test-view_en_IN.ftl"): Not found
2023-08-11 00:41:07 DEBUG cache:45 - TemplateLoader.findTemplateSource("test-view/test-view_en.ftl"): Not found
2023-08-11 00:41:07 DEBUG cache:45 - TemplateLoader.findTemplateSource("test-view/test-view.ftl"): Found
2023-08-11 00:41:07 DEBUG cache:45 - Loading template for "test-view/test-view.ftl"("en_IN", UTF-8, parsed) from "jar:file:/C:/Users/ASUS/.m2/repository/com/aventstack/extentreports/3.0.1/extentreports-3.0.1.jar!/com/aventstack/extentreports/view/html-report/test-view/test-view.ftl"
2023-08-11 00:41:07 DEBUG cache:45 - Couldn't find template in cache for "test-view/test-view-charts.ftl"("en_IN", UTF-8, parsed); will try to load it.
2023-08-11 00:41:07 DEBUG cache:45 - TemplateLoader.findTemplateSource("test-view/test-view-charts_en_IN.ftl"): Not found
2023-08-11 00:41:07 DEBUG cache:45 - TemplateLoader.findTemplateSource("test-view/test-view-charts_en.ftl"): Not found
2023-08-11 00:41:07 DEBUG cache:45 - TemplateLoader.findTemplateSource("test-view/test-view-charts.ftl"): Found
2023-08-11 00:41:07 DEBUG cache:45 - Loading template for "test-view/test-view-charts.ftl"("en_IN", UTF-8, parsed) from "jar:file:/C:/Users/ASUS/.m2/repository/com/aventstack/extentreports/3.0.1/extentreports-3.0.1.jar!/com/aventstack/extentreports/view/html-report/test-view/test-view-charts.ftl"
2023-08-11 00:41:07 DEBUG cache:45 - Couldn't find template in cache for "test-view/standard.ftl"("en_IN", UTF-8, parsed); will try to load it.
2023-08-11 00:41:07 DEBUG cache:45 - TemplateLoader.findTemplateSource("test-view/standard_en_IN.ftl"): Not found
2023-08-11 00:41:07 DEBUG cache:45 - TemplateLoader.findTemplateSource("test-view/standard_en.ftl"): Not found
2023-08-11 00:41:07 DEBUG cache:45 - TemplateLoader.findTemplateSource("test-view/standard.ftl"): Found
2023-08-11 00:41:07 DEBUG cache:45 - Loading template for "test-view/standard.ftl"("en_IN", UTF-8, parsed) from "jar:file:/C:/Users/ASUS/.m2/repository/com/aventstack/extentreports/3.0.1/extentreports-3.0.1.jar!/com/aventstack/extentreports/view/html-report/test-view/standard.ftl"
2023-08-11 00:41:07 DEBUG cache:45 - Couldn't find template in cache for "category-view/category-view.ftl"("en_IN", UTF-8, parsed); will try to load it.
2023-08-11 00:41:07 DEBUG cache:45 - TemplateLoader.findTemplateSource("category-view/category-view_en_IN.ftl"): Not found
2023-08-11 00:41:07 DEBUG cache:45 - TemplateLoader.findTemplateSource("category-view/category-view_en.ftl"): Not found
2023-08-11 00:41:07 DEBUG cache:45 - TemplateLoader.findTemplateSource("category-view/category-view.ftl"): Found
2023-08-11 00:41:07 DEBUG cache:45 - Loading template for "category-view/category-view.ftl"("en_IN", UTF-8, parsed) from "jar:file:/C:/Users/ASUS/.m2/repository/com/aventstack/extentreports/3.0.1/extentreports-3.0.1.jar!/com/aventstack/extentreports/view/html-report/category-view/category-view.ftl"
2023-08-11 00:41:07 DEBUG cache:45 - Couldn't find template in cache for "exception-view/exception-view.ftl"("en_IN", UTF-8, parsed); will try to load it.
2023-08-11 00:41:07 DEBUG cache:45 - TemplateLoader.findTemplateSource("exception-view/exception-view_en_IN.ftl"): Not found
2023-08-11 00:41:07 DEBUG cache:45 - TemplateLoader.findTemplateSource("exception-view/exception-view_en.ftl"): Not found
2023-08-11 00:41:07 DEBUG cache:45 - TemplateLoader.findTemplateSource("exception-view/exception-view.ftl"): Found
2023-08-11 00:41:07 DEBUG cache:45 - Loading template for "exception-view/exception-view.ftl"("en_IN", UTF-8, parsed) from "jar:file:/C:/Users/ASUS/.m2/repository/com/aventstack/extentreports/3.0.1/extentreports-3.0.1.jar!/com/aventstack/extentreports/view/html-report/exception-view/exception-view.ftl"
2023-08-11 00:41:07 DEBUG cache:45 - Couldn't find template in cache for "dashboard-view/dashboard-view.ftl"("en_IN", UTF-8, parsed); will try to load it.
2023-08-11 00:41:07 DEBUG cache:45 - TemplateLoader.findTemplateSource("dashboard-view/dashboard-view_en_IN.ftl"): Not found
2023-08-11 00:41:07 DEBUG cache:45 - TemplateLoader.findTemplateSource("dashboard-view/dashboard-view_en.ftl"): Not found
2023-08-11 00:41:07 DEBUG cache:45 - TemplateLoader.findTemplateSource("dashboard-view/dashboard-view.ftl"): Found
2023-08-11 00:41:07 DEBUG cache:45 - Loading template for "dashboard-view/dashboard-view.ftl"("en_IN", UTF-8, parsed) from "jar:file:/C:/Users/ASUS/.m2/repository/com/aventstack/extentreports/3.0.1/extentreports-3.0.1.jar!/com/aventstack/extentreports/view/html-report/dashboard-view/dashboard-view.ftl"
2023-08-11 00:41:07 DEBUG cache:45 - Couldn't find template in cache for "logs-view/testrunner-logs-view.ftl"("en_IN", UTF-8, parsed); will try to load it.
2023-08-11 00:41:07 DEBUG cache:45 - TemplateLoader.findTemplateSource("logs-view/testrunner-logs-view_en_IN.ftl"): Not found
2023-08-11 00:41:07 DEBUG cache:45 - TemplateLoader.findTemplateSource("logs-view/testrunner-logs-view_en.ftl"): Not found
2023-08-11 00:41:07 DEBUG cache:45 - TemplateLoader.findTemplateSource("logs-view/testrunner-logs-view.ftl"): Found
2023-08-11 00:41:07 DEBUG cache:45 - Loading template for "logs-view/testrunner-logs-view.ftl"("en_IN", UTF-8, parsed) from "jar:file:/C:/Users/ASUS/.m2/repository/com/aventstack/extentreports/3.0.1/extentreports-3.0.1.jar!/com/aventstack/extentreports/view/html-report/logs-view/testrunner-logs-view.ftl"
2023-08-11 00:41:21 DEBUG cache:45 - Couldn't find template in cache for "index.ftl"("en_IN", UTF-8, parsed); will try to load it.
2023-08-11 00:41:21 DEBUG cache:45 - TemplateLoader.findTemplateSource("index_en_IN.ftl"): Not found
2023-08-11 00:41:21 DEBUG cache:45 - TemplateLoader.findTemplateSource("index_en.ftl"): Not found
2023-08-11 00:41:21 DEBUG cache:45 - TemplateLoader.findTemplateSource("index.ftl"): Found
2023-08-11 00:41:21 DEBUG cache:45 - Loading template for "index.ftl"("en_IN", UTF-8, parsed) from "jar:file:/C:/Users/ASUS/.m2/repository/com/aventstack/extentreports/3.0.1/extentreports-3.0.1.jar!/com/aventstack/extentreports/view/html-report/index.ftl"
2023-08-11 00:41:21 DEBUG cache:45 - Couldn't find template in cache for "head.ftl"("en_IN", UTF-8, parsed); will try to load it.
2023-08-11 00:41:21 DEBUG cache:45 - TemplateLoader.findTemplateSource("head_en_IN.ftl"): Not found
2023-08-11 00:41:21 DEBUG cache:45 - TemplateLoader.findTemplateSource("head_en.ftl"): Not found
2023-08-11 00:41:21 DEBUG cache:45 - TemplateLoader.findTemplateSource("head.ftl"): Found
2023-08-11 00:41:21 DEBUG cache:45 - Loading template for "head.ftl"("en_IN", UTF-8, parsed) from "jar:file:/C:/Users/ASUS/.m2/repository/com/aventstack/extentreports/3.0.1/extentreports-3.0.1.jar!/com/aventstack/extentreports/view/html-report/head.ftl"
2023-08-11 00:41:21 DEBUG cache:45 - Couldn't find template in cache for "nav.ftl"("en_IN", UTF-8, parsed); will try to load it.
2023-08-11 00:41:21 DEBUG cache:45 - TemplateLoader.findTemplateSource("nav_en_IN.ftl"): Not found
2023-08-11 00:41:21 DEBUG cache:45 - TemplateLoader.findTemplateSource("nav_en.ftl"): Not found
2023-08-11 00:41:21 DEBUG cache:45 - TemplateLoader.findTemplateSource("nav.ftl"): Found
2023-08-11 00:41:21 DEBUG cache:45 - Loading template for "nav.ftl"("en_IN", UTF-8, parsed) from "jar:file:/C:/Users/ASUS/.m2/repository/com/aventstack/extentreports/3.0.1/extentreports-3.0.1.jar!/com/aventstack/extentreports/view/html-report/nav.ftl"
2023-08-11 00:41:21 DEBUG cache:45 - Couldn't find template in cache for "test-view/test-view.ftl"("en_IN", UTF-8, parsed); will try to load it.
2023-08-11 00:41:21 DEBUG cache:45 - TemplateLoader.findTemplateSource("test-view/test-view_en_IN.ftl"): Not found
2023-08-11 00:41:21 DEBUG cache:45 - TemplateLoader.findTemplateSource("test-view/test-view_en.ftl"): Not found
2023-08-11 00:41:21 DEBUG cache:45 - TemplateLoader.findTemplateSource("test-view/test-view.ftl"): Found
2023-08-11 00:41:21 DEBUG cache:45 - Loading template for "test-view/test-view.ftl"("en_IN", UTF-8, parsed) from "jar:file:/C:/Users/ASUS/.m2/repository/com/aventstack/extentreports/3.0.1/extentreports-3.0.1.jar!/com/aventstack/extentreports/view/html-report/test-view/test-view.ftl"
2023-08-11 00:41:21 DEBUG cache:45 - Couldn't find template in cache for "test-view/test-view-charts.ftl"("en_IN", UTF-8, parsed); will try to load it.
2023-08-11 00:41:21 DEBUG cache:45 - TemplateLoader.findTemplateSource("test-view/test-view-charts_en_IN.ftl"): Not found
2023-08-11 00:41:21 DEBUG cache:45 - TemplateLoader.findTemplateSource("test-view/test-view-charts_en.ftl"): Not found
2023-08-11 00:41:21 DEBUG cache:45 - TemplateLoader.findTemplateSource("test-view/test-view-charts.ftl"): Found
2023-08-11 00:41:21 DEBUG cache:45 - Loading template for "test-view/test-view-charts.ftl"("en_IN", UTF-8, parsed) from "jar:file:/C:/Users/ASUS/.m2/repository/com/aventstack/extentreports/3.0.1/extentreports-3.0.1.jar!/com/aventstack/extentreports/view/html-report/test-view/test-view-charts.ftl"
2023-08-11 00:41:21 DEBUG cache:45 - Couldn't find template in cache for "test-view/standard.ftl"("en_IN", UTF-8, parsed); will try to load it.
2023-08-11 00:41:21 DEBUG cache:45 - TemplateLoader.findTemplateSource("test-view/standard_en_IN.ftl"): Not found
2023-08-11 00:41:21 DEBUG cache:45 - TemplateLoader.findTemplateSource("test-view/standard_en.ftl"): Not found
2023-08-11 00:41:21 DEBUG cache:45 - TemplateLoader.findTemplateSource("test-view/standard.ftl"): Found
2023-08-11 00:41:21 DEBUG cache:45 - Loading template for "test-view/standard.ftl"("en_IN", UTF-8, parsed) from "jar:file:/C:/Users/ASUS/.m2/repository/com/aventstack/extentreports/3.0.1/extentreports-3.0.1.jar!/com/aventstack/extentreports/view/html-report/test-view/standard.ftl"
2023-08-11 00:41:21 DEBUG cache:45 - "test-view/standard.ftl"("en_IN", UTF-8, parsed) cached copy not yet stale; using cached.
2023-08-11 00:41:21 DEBUG cache:45 - Couldn't find template in cache for "category-view/category-view.ftl"("en_IN", UTF-8, parsed); will try to load it.
2023-08-11 00:41:21 DEBUG cache:45 - TemplateLoader.findTemplateSource("category-view/category-view_en_IN.ftl"): Not found
2023-08-11 00:41:21 DEBUG cache:45 - TemplateLoader.findTemplateSource("category-view/category-view_en.ftl"): Not found
2023-08-11 00:41:21 DEBUG cache:45 - TemplateLoader.findTemplateSource("category-view/category-view.ftl"): Found
2023-08-11 00:41:21 DEBUG cache:45 - Loading template for "category-view/category-view.ftl"("en_IN", UTF-8, parsed) from "jar:file:/C:/Users/ASUS/.m2/repository/com/aventstack/extentreports/3.0.1/extentreports-3.0.1.jar!/com/aventstack/extentreports/view/html-report/category-view/category-view.ftl"
2023-08-11 00:41:21 DEBUG cache:45 - Couldn't find template in cache for "exception-view/exception-view.ftl"("en_IN", UTF-8, parsed); will try to load it.
2023-08-11 00:41:21 DEBUG cache:45 - TemplateLoader.findTemplateSource("exception-view/exception-view_en_IN.ftl"): Not found
2023-08-11 00:41:21 DEBUG cache:45 - TemplateLoader.findTemplateSource("exception-view/exception-view_en.ftl"): Not found
2023-08-11 00:41:21 DEBUG cache:45 - TemplateLoader.findTemplateSource("exception-view/exception-view.ftl"): Found
2023-08-11 00:41:21 DEBUG cache:45 - Loading template for "exception-view/exception-view.ftl"("en_IN", UTF-8, parsed) from "jar:file:/C:/Users/ASUS/.m2/repository/com/aventstack/extentreports/3.0.1/extentreports-3.0.1.jar!/com/aventstack/extentreports/view/html-report/exception-view/exception-view.ftl"
2023-08-11 00:41:21 DEBUG cache:45 - Couldn't find template in cache for "dashboard-view/dashboard-view.ftl"("en_IN", UTF-8, parsed); will try to load it.
2023-08-11 00:41:21 DEBUG cache:45 - TemplateLoader.findTemplateSource("dashboard-view/dashboard-view_en_IN.ftl"): Not found
2023-08-11 00:41:21 DEBUG cache:45 - TemplateLoader.findTemplateSource("dashboard-view/dashboard-view_en.ftl"): Not found
2023-08-11 00:41:21 DEBUG cache:45 - TemplateLoader.findTemplateSource("dashboard-view/dashboard-view.ftl"): Found
2023-08-11 00:41:21 DEBUG cache:45 - Loading template for "dashboard-view/dashboard-view.ftl"("en_IN", UTF-8, parsed) from "jar:file:/C:/Users/ASUS/.m2/repository/com/aventstack/extentreports/3.0.1/extentreports-3.0.1.jar!/com/aventstack/extentreports/view/html-report/dashboard-view/dashboard-view.ftl"
2023-08-11 00:41:21 DEBUG cache:45 - Couldn't find template in cache for "logs-view/testrunner-logs-view.ftl"("en_IN", UTF-8, parsed); will try to load it.
2023-08-11 00:41:21 DEBUG cache:45 - TemplateLoader.findTemplateSource("logs-view/testrunner-logs-view_en_IN.ftl"): Not found
2023-08-11 00:41:21 DEBUG cache:45 - TemplateLoader.findTemplateSource("logs-view/testrunner-logs-view_en.ftl"): Not found
2023-08-11 00:41:21 DEBUG cache:45 - TemplateLoader.findTemplateSource("logs-view/testrunner-logs-view.ftl"): Found
2023-08-11 00:41:21 DEBUG cache:45 - Loading template for "logs-view/testrunner-logs-view.ftl"("en_IN", UTF-8, parsed) from "jar:file:/C:/Users/ASUS/.m2/repository/com/aventstack/extentreports/3.0.1/extentreports-3.0.1.jar!/com/aventstack/extentreports/view/html-report/logs-view/testrunner-logs-view.ftl"
2023-08-11 00:42:17 DEBUG cache:45 - Couldn't find template in cache for "index.ftl"("en_IN", UTF-8, parsed); will try to load it.
2023-08-11 00:42:17 DEBUG cache:45 - TemplateLoader.findTemplateSource("index_en_IN.ftl"): Not found
2023-08-11 00:42:17 DEBUG cache:45 - TemplateLoader.findTemplateSource("index_en.ftl"): Not found
2023-08-11 00:42:17 DEBUG cache:45 - TemplateLoader.findTemplateSource("index.ftl"): Found
2023-08-11 00:42:17 DEBUG cache:45 - Loading template for "index.ftl"("en_IN", UTF-8, parsed) from "jar:file:/C:/Users/ASUS/.m2/repository/com/aventstack/extentreports/3.0.1/extentreports-3.0.1.jar!/com/aventstack/extentreports/view/html-report/index.ftl"
2023-08-11 00:42:17 DEBUG cache:45 - Couldn't find template in cache for "head.ftl"("en_IN", UTF-8, parsed); will try to load it.
2023-08-11 00:42:17 DEBUG cache:45 - TemplateLoader.findTemplateSource("head_en_IN.ftl"): Not found
2023-08-11 00:42:17 DEBUG cache:45 - TemplateLoader.findTemplateSource("head_en.ftl"): Not found
2023-08-11 00:42:17 DEBUG cache:45 - TemplateLoader.findTemplateSource("head.ftl"): Found
2023-08-11 00:42:17 DEBUG cache:45 - Loading template for "head.ftl"("en_IN", UTF-8, parsed) from "jar:file:/C:/Users/ASUS/.m2/repository/com/aventstack/extentreports/3.0.1/extentreports-3.0.1.jar!/com/aventstack/extentreports/view/html-report/head.ftl"
2023-08-11 00:42:17 DEBUG cache:45 - Couldn't find template in cache for "nav.ftl"("en_IN", UTF-8, parsed); will try to load it.
2023-08-11 00:42:17 DEBUG cache:45 - TemplateLoader.findTemplateSource("nav_en_IN.ftl"): Not found
2023-08-11 00:42:17 DEBUG cache:45 - TemplateLoader.findTemplateSource("nav_en.ftl"): Not found
2023-08-11 00:42:17 DEBUG cache:45 - TemplateLoader.findTemplateSource("nav.ftl"): Found
2023-08-11 00:42:17 DEBUG cache:45 - Loading template for "nav.ftl"("en_IN", UTF-8, parsed) from "jar:file:/C:/Users/ASUS/.m2/repository/com/aventstack/extentreports/3.0.1/extentreports-3.0.1.jar!/com/aventstack/extentreports/view/html-report/nav.ftl"
2023-08-11 00:42:17 DEBUG cache:45 - Couldn't find template in cache for "test-view/test-view.ftl"("en_IN", UTF-8, parsed); will try to load it.
2023-08-11 00:42:17 DEBUG cache:45 - TemplateLoader.findTemplateSource("test-view/test-view_en_IN.ftl"): Not found
2023-08-11 00:42:17 DEBUG cache:45 - TemplateLoader.findTemplateSource("test-view/test-view_en.ftl"): Not found
2023-08-11 00:42:17 DEBUG cache:45 - TemplateLoader.findTemplateSource("test-view/test-view.ftl"): Found
2023-08-11 00:42:17 DEBUG cache:45 - Loading template for "test-view/test-view.ftl"("en_IN", UTF-8, parsed) from "jar:file:/C:/Users/ASUS/.m2/repository/com/aventstack/extentreports/3.0.1/extentreports-3.0.1.jar!/com/aventstack/extentreports/view/html-report/test-view/test-view.ftl"
2023-08-11 00:42:17 DEBUG cache:45 - Couldn't find template in cache for "test-view/test-view-charts.ftl"("en_IN", UTF-8, parsed); will try to load it.
2023-08-11 00:42:17 DEBUG cache:45 - TemplateLoader.findTemplateSource("test-view/test-view-charts_en_IN.ftl"): Not found
2023-08-11 00:42:17 DEBUG cache:45 - TemplateLoader.findTemplateSource("test-view/test-view-charts_en.ftl"): Not found
2023-08-11 00:42:17 DEBUG cache:45 - TemplateLoader.findTemplateSource("test-view/test-view-charts.ftl"): Found
2023-08-11 00:42:17 DEBUG cache:45 - Loading template for "test-view/test-view-charts.ftl"("en_IN", UTF-8, parsed) from "jar:file:/C:/Users/ASUS/.m2/repository/com/aventstack/extentreports/3.0.1/extentreports-3.0.1.jar!/com/aventstack/extentreports/view/html-report/test-view/test-view-charts.ftl"
2023-08-11 00:42:17 DEBUG cache:45 - Couldn't find template in cache for "test-view/standard.ftl"("en_IN", UTF-8, parsed); will try to load it.
2023-08-11 00:42:17 DEBUG cache:45 - TemplateLoader.findTemplateSource("test-view/standard_en_IN.ftl"): Not found
2023-08-11 00:42:17 DEBUG cache:45 - TemplateLoader.findTemplateSource("test-view/standard_en.ftl"): Not found
2023-08-11 00:42:17 DEBUG cache:45 - TemplateLoader.findTemplateSource("test-view/standard.ftl"): Found
2023-08-11 00:42:17 DEBUG cache:45 - Loading template for "test-view/standard.ftl"("en_IN", UTF-8, parsed) from "jar:file:/C:/Users/ASUS/.m2/repository/com/aventstack/extentreports/3.0.1/extentreports-3.0.1.jar!/com/aventstack/extentreports/view/html-report/test-view/standard.ftl"
2023-08-11 00:42:17 DEBUG cache:45 - "test-view/standard.ftl"("en_IN", UTF-8, parsed) cached copy not yet stale; using cached.
2023-08-11 00:42:17 DEBUG cache:45 - "test-view/standard.ftl"("en_IN", UTF-8, parsed) cached copy not yet stale; using cached.
2023-08-11 00:42:17 DEBUG cache:45 - "test-view/standard.ftl"("en_IN", UTF-8, parsed) cached copy not yet stale; using cached.
2023-08-11 00:42:17 DEBUG cache:45 - Couldn't find template in cache for "category-view/category-view.ftl"("en_IN", UTF-8, parsed); will try to load it.
2023-08-11 00:42:17 DEBUG cache:45 - TemplateLoader.findTemplateSource("category-view/category-view_en_IN.ftl"): Not found
2023-08-11 00:42:17 DEBUG cache:45 - TemplateLoader.findTemplateSource("category-view/category-view_en.ftl"): Not found
2023-08-11 00:42:17 DEBUG cache:45 - TemplateLoader.findTemplateSource("category-view/category-view.ftl"): Found
2023-08-11 00:42:17 DEBUG cache:45 - Loading template for "category-view/category-view.ftl"("en_IN", UTF-8, parsed) from "jar:file:/C:/Users/ASUS/.m2/repository/com/aventstack/extentreports/3.0.1/extentreports-3.0.1.jar!/com/aventstack/extentreports/view/html-report/category-view/category-view.ftl"
2023-08-11 00:42:17 DEBUG cache:45 - Couldn't find template in cache for "exception-view/exception-view.ftl"("en_IN", UTF-8, parsed); will try to load it.
2023-08-11 00:42:17 DEBUG cache:45 - TemplateLoader.findTemplateSource("exception-view/exception-view_en_IN.ftl"): Not found
2023-08-11 00:42:17 DEBUG cache:45 - TemplateLoader.findTemplateSource("exception-view/exception-view_en.ftl"): Not found
2023-08-11 00:42:17 DEBUG cache:45 - TemplateLoader.findTemplateSource("exception-view/exception-view.ftl"): Found
2023-08-11 00:42:17 DEBUG cache:45 - Loading template for "exception-view/exception-view.ftl"("en_IN", UTF-8, parsed) from "jar:file:/C:/Users/ASUS/.m2/repository/com/aventstack/extentreports/3.0.1/extentreports-3.0.1.jar!/com/aventstack/extentreports/view/html-report/exception-view/exception-view.ftl"
2023-08-11 00:42:17 DEBUG cache:45 - Couldn't find template in cache for "dashboard-view/dashboard-view.ftl"("en_IN", UTF-8, parsed); will try to load it.
2023-08-11 00:42:17 DEBUG cache:45 - TemplateLoader.findTemplateSource("dashboard-view/dashboard-view_en_IN.ftl"): Not found
2023-08-11 00:42:17 DEBUG cache:45 - TemplateLoader.findTemplateSource("dashboard-view/dashboard-view_en.ftl"): Not found
2023-08-11 00:42:17 DEBUG cache:45 - TemplateLoader.findTemplateSource("dashboard-view/dashboard-view.ftl"): Found
2023-08-11 00:42:17 DEBUG cache:45 - Loading template for "dashboard-view/dashboard-view.ftl"("en_IN", UTF-8, parsed) from "jar:file:/C:/Users/ASUS/.m2/repository/com/aventstack/extentreports/3.0.1/extentreports-3.0.1.jar!/com/aventstack/extentreports/view/html-report/dashboard-view/dashboard-view.ftl"
2023-08-11 00:42:17 DEBUG cache:45 - Couldn't find template in cache for "logs-view/testrunner-logs-view.ftl"("en_IN", UTF-8, parsed); will try to load it.
2023-08-11 00:42:17 DEBUG cache:45 - TemplateLoader.findTemplateSource("logs-view/testrunner-logs-view_en_IN.ftl"): Not found
2023-08-11 00:42:17 DEBUG cache:45 - TemplateLoader.findTemplateSource("logs-view/testrunner-logs-view_en.ftl"): Not found
2023-08-11 00:42:17 DEBUG cache:45 - TemplateLoader.findTemplateSource("logs-view/testrunner-logs-view.ftl"): Found
2023-08-11 00:42:17 DEBUG cache:45 - Loading template for "logs-view/testrunner-logs-view.ftl"("en_IN", UTF-8, parsed) from "jar:file:/C:/Users/ASUS/.m2/repository/com/aventstack/extentreports/3.0.1/extentreports-3.0.1.jar!/com/aventstack/extentreports/view/html-report/logs-view/testrunner-logs-view.ftl"
2023-08-11 00:44:33 INFO  Log:13 - =====================================loginTest TEST START=========================================
2023-08-11 00:44:36 INFO  Log:24 - Enter username and password
2023-08-11 00:44:44 INFO  Log:24 - Verify if you are on HomePage
2023-08-11 00:44:45 INFO  Log:17 - =====================================loginTest TEST END=========================================
2023-08-11 00:44:46 DEBUG cache:45 - Couldn't find template in cache for "index.ftl"("en_IN", UTF-8, parsed); will try to load it.
2023-08-11 00:44:46 DEBUG cache:45 - TemplateLoader.findTemplateSource("index_en_IN.ftl"): Not found
2023-08-11 00:44:46 DEBUG cache:45 - TemplateLoader.findTemplateSource("index_en.ftl"): Not found
2023-08-11 00:44:46 DEBUG cache:45 - TemplateLoader.findTemplateSource("index.ftl"): Found
2023-08-11 00:44:46 DEBUG cache:45 - Loading template for "index.ftl"("en_IN", UTF-8, parsed) from "jar:file:/C:/Users/ASUS/.m2/repository/com/aventstack/extentreports/3.0.1/extentreports-3.0.1.jar!/com/aventstack/extentreports/view/html-report/index.ftl"
2023-08-11 00:44:46 DEBUG cache:45 - Couldn't find template in cache for "head.ftl"("en_IN", UTF-8, parsed); will try to load it.
2023-08-11 00:44:46 DEBUG cache:45 - TemplateLoader.findTemplateSource("head_en_IN.ftl"): Not found
2023-08-11 00:44:46 DEBUG cache:45 - TemplateLoader.findTemplateSource("head_en.ftl"): Not found
2023-08-11 00:44:46 DEBUG cache:45 - TemplateLoader.findTemplateSource("head.ftl"): Found
2023-08-11 00:44:46 DEBUG cache:45 - Loading template for "head.ftl"("en_IN", UTF-8, parsed) from "jar:file:/C:/Users/ASUS/.m2/repository/com/aventstack/extentreports/3.0.1/extentreports-3.0.1.jar!/com/aventstack/extentreports/view/html-report/head.ftl"
2023-08-11 00:44:46 DEBUG cache:45 - Couldn't find template in cache for "nav.ftl"("en_IN", UTF-8, parsed); will try to load it.
2023-08-11 00:44:46 DEBUG cache:45 - TemplateLoader.findTemplateSource("nav_en_IN.ftl"): Not found
2023-08-11 00:44:46 DEBUG cache:45 - TemplateLoader.findTemplateSource("nav_en.ftl"): Not found
2023-08-11 00:44:46 DEBUG cache:45 - TemplateLoader.findTemplateSource("nav.ftl"): Found
2023-08-11 00:44:46 DEBUG cache:45 - Loading template for "nav.ftl"("en_IN", UTF-8, parsed) from "jar:file:/C:/Users/ASUS/.m2/repository/com/aventstack/extentreports/3.0.1/extentreports-3.0.1.jar!/com/aventstack/extentreports/view/html-report/nav.ftl"
2023-08-11 00:44:46 DEBUG cache:45 - Couldn't find template in cache for "test-view/test-view.ftl"("en_IN", UTF-8, parsed); will try to load it.
2023-08-11 00:44:46 DEBUG cache:45 - TemplateLoader.findTemplateSource("test-view/test-view_en_IN.ftl"): Not found
2023-08-11 00:44:46 DEBUG cache:45 - TemplateLoader.findTemplateSource("test-view/test-view_en.ftl"): Not found
2023-08-11 00:44:46 DEBUG cache:45 - TemplateLoader.findTemplateSource("test-view/test-view.ftl"): Found
2023-08-11 00:44:46 DEBUG cache:45 - Loading template for "test-view/test-view.ftl"("en_IN", UTF-8, parsed) from "jar:file:/C:/Users/ASUS/.m2/repository/com/aventstack/extentreports/3.0.1/extentreports-3.0.1.jar!/com/aventstack/extentreports/view/html-report/test-view/test-view.ftl"
2023-08-11 00:44:46 DEBUG cache:45 - Couldn't find template in cache for "test-view/test-view-charts.ftl"("en_IN", UTF-8, parsed); will try to load it.
2023-08-11 00:44:46 DEBUG cache:45 - TemplateLoader.findTemplateSource("test-view/test-view-charts_en_IN.ftl"): Not found
2023-08-11 00:44:46 DEBUG cache:45 - TemplateLoader.findTemplateSource("test-view/test-view-charts_en.ftl"): Not found
2023-08-11 00:44:46 DEBUG cache:45 - TemplateLoader.findTemplateSource("test-view/test-view-charts.ftl"): Found
2023-08-11 00:44:46 DEBUG cache:45 - Loading template for "test-view/test-view-charts.ftl"("en_IN", UTF-8, parsed) from "jar:file:/C:/Users/ASUS/.m2/repository/com/aventstack/extentreports/3.0.1/extentreports-3.0.1.jar!/com/aventstack/extentreports/view/html-report/test-view/test-view-charts.ftl"
2023-08-11 00:44:46 DEBUG cache:45 - Couldn't find template in cache for "test-view/standard.ftl"("en_IN", UTF-8, parsed); will try to load it.
2023-08-11 00:44:46 DEBUG cache:45 - TemplateLoader.findTemplateSource("test-view/standard_en_IN.ftl"): Not found
2023-08-11 00:44:46 DEBUG cache:45 - TemplateLoader.findTemplateSource("test-view/standard_en.ftl"): Not found
2023-08-11 00:44:46 DEBUG cache:45 - TemplateLoader.findTemplateSource("test-view/standard.ftl"): Found
2023-08-11 00:44:46 DEBUG cache:45 - Loading template for "test-view/standard.ftl"("en_IN", UTF-8, parsed) from "jar:file:/C:/Users/ASUS/.m2/repository/com/aventstack/extentreports/3.0.1/extentreports-3.0.1.jar!/com/aventstack/extentreports/view/html-report/test-view/standard.ftl"
2023-08-11 00:44:46 DEBUG cache:45 - Couldn't find template in cache for "category-view/category-view.ftl"("en_IN", UTF-8, parsed); will try to load it.
2023-08-11 00:44:46 DEBUG cache:45 - TemplateLoader.findTemplateSource("category-view/category-view_en_IN.ftl"): Not found
2023-08-11 00:44:46 DEBUG cache:45 - TemplateLoader.findTemplateSource("category-view/category-view_en.ftl"): Not found
2023-08-11 00:44:46 DEBUG cache:45 - TemplateLoader.findTemplateSource("category-view/category-view.ftl"): Found
2023-08-11 00:44:46 DEBUG cache:45 - Loading template for "category-view/category-view.ftl"("en_IN", UTF-8, parsed) from "jar:file:/C:/Users/ASUS/.m2/repository/com/aventstack/extentreports/3.0.1/extentreports-3.0.1.jar!/com/aventstack/extentreports/view/html-report/category-view/category-view.ftl"
2023-08-11 00:44:46 DEBUG cache:45 - Couldn't find template in cache for "exception-view/exception-view.ftl"("en_IN", UTF-8, parsed); will try to load it.
2023-08-11 00:44:46 DEBUG cache:45 - TemplateLoader.findTemplateSource("exception-view/exception-view_en_IN.ftl"): Not found
2023-08-11 00:44:46 DEBUG cache:45 - TemplateLoader.findTemplateSource("exception-view/exception-view_en.ftl"): Not found
2023-08-11 00:44:46 DEBUG cache:45 - TemplateLoader.findTemplateSource("exception-view/exception-view.ftl"): Found
2023-08-11 00:44:46 DEBUG cache:45 - Loading template for "exception-view/exception-view.ftl"("en_IN", UTF-8, parsed) from "jar:file:/C:/Users/ASUS/.m2/repository/com/aventstack/extentreports/3.0.1/extentreports-3.0.1.jar!/com/aventstack/extentreports/view/html-report/exception-view/exception-view.ftl"
2023-08-11 00:44:46 DEBUG cache:45 - Couldn't find template in cache for "dashboard-view/dashboard-view.ftl"("en_IN", UTF-8, parsed); will try to load it.
2023-08-11 00:44:46 DEBUG cache:45 - TemplateLoader.findTemplateSource("dashboard-view/dashboard-view_en_IN.ftl"): Not found
2023-08-11 00:44:46 DEBUG cache:45 - TemplateLoader.findTemplateSource("dashboard-view/dashboard-view_en.ftl"): Not found
2023-08-11 00:44:46 DEBUG cache:45 - TemplateLoader.findTemplateSource("dashboard-view/dashboard-view.ftl"): Found
2023-08-11 00:44:46 DEBUG cache:45 - Loading template for "dashboard-view/dashboard-view.ftl"("en_IN", UTF-8, parsed) from "jar:file:/C:/Users/ASUS/.m2/repository/com/aventstack/extentreports/3.0.1/extentreports-3.0.1.jar!/com/aventstack/extentreports/view/html-report/dashboard-view/dashboard-view.ftl"
2023-08-11 00:44:46 DEBUG cache:45 - Couldn't find template in cache for "logs-view/testrunner-logs-view.ftl"("en_IN", UTF-8, parsed); will try to load it.
2023-08-11 00:44:46 DEBUG cache:45 - TemplateLoader.findTemplateSource("logs-view/testrunner-logs-view_en_IN.ftl"): Not found
2023-08-11 00:44:46 DEBUG cache:45 - TemplateLoader.findTemplateSource("logs-view/testrunner-logs-view_en.ftl"): Not found
2023-08-11 00:44:46 DEBUG cache:45 - TemplateLoader.findTemplateSource("logs-view/testrunner-logs-view.ftl"): Found
2023-08-11 00:44:46 DEBUG cache:45 - Loading template for "logs-view/testrunner-logs-view.ftl"("en_IN", UTF-8, parsed) from "jar:file:/C:/Users/ASUS/.m2/repository/com/aventstack/extentreports/3.0.1/extentreports-3.0.1.jar!/com/aventstack/extentreports/view/html-report/logs-view/testrunner-logs-view.ftl"
2023-08-11 00:56:08 INFO  Log:13 - =====================================loginTest TEST START=========================================
2023-08-11 00:56:09 INFO  Log:24 - Enter username and password
2023-08-11 00:56:18 INFO  Log:24 - Verify if you are on HomePage
2023-08-11 00:56:19 INFO  Log:17 - =====================================loginTest TEST END=========================================
2023-08-11 00:56:19 DEBUG cache:45 - Couldn't find template in cache for "index.ftl"("en_IN", UTF-8, parsed); will try to load it.
2023-08-11 00:56:19 DEBUG cache:45 - TemplateLoader.findTemplateSource("index_en_IN.ftl"): Not found
2023-08-11 00:56:19 DEBUG cache:45 - TemplateLoader.findTemplateSource("index_en.ftl"): Not found
2023-08-11 00:56:19 DEBUG cache:45 - TemplateLoader.findTemplateSource("index.ftl"): Found
2023-08-11 00:56:19 DEBUG cache:45 - Loading template for "index.ftl"("en_IN", UTF-8, parsed) from "jar:file:/C:/Users/ASUS/.m2/repository/com/aventstack/extentreports/3.0.1/extentreports-3.0.1.jar!/com/aventstack/extentreports/view/html-report/index.ftl"
2023-08-11 00:56:20 DEBUG cache:45 - Couldn't find template in cache for "head.ftl"("en_IN", UTF-8, parsed); will try to load it.
2023-08-11 00:56:20 DEBUG cache:45 - TemplateLoader.findTemplateSource("head_en_IN.ftl"): Not found
2023-08-11 00:56:20 DEBUG cache:45 - TemplateLoader.findTemplateSource("head_en.ftl"): Not found
2023-08-11 00:56:20 DEBUG cache:45 - TemplateLoader.findTemplateSource("head.ftl"): Found
2023-08-11 00:56:20 DEBUG cache:45 - Loading template for "head.ftl"("en_IN", UTF-8, parsed) from "jar:file:/C:/Users/ASUS/.m2/repository/com/aventstack/extentreports/3.0.1/extentreports-3.0.1.jar!/com/aventstack/extentreports/view/html-report/head.ftl"
2023-08-11 00:56:20 DEBUG cache:45 - Couldn't find template in cache for "nav.ftl"("en_IN", UTF-8, parsed); will try to load it.
2023-08-11 00:56:20 DEBUG cache:45 - TemplateLoader.findTemplateSource("nav_en_IN.ftl"): Not found
2023-08-11 00:56:20 DEBUG cache:45 - TemplateLoader.findTemplateSource("nav_en.ftl"): Not found
2023-08-11 00:56:20 DEBUG cache:45 - TemplateLoader.findTemplateSource("nav.ftl"): Found
2023-08-11 00:56:20 DEBUG cache:45 - Loading template for "nav.ftl"("en_IN", UTF-8, parsed) from "jar:file:/C:/Users/ASUS/.m2/repository/com/aventstack/extentreports/3.0.1/extentreports-3.0.1.jar!/com/aventstack/extentreports/view/html-report/nav.ftl"
2023-08-11 00:56:20 DEBUG cache:45 - Couldn't find template in cache for "test-view/test-view.ftl"("en_IN", UTF-8, parsed); will try to load it.
2023-08-11 00:56:20 DEBUG cache:45 - TemplateLoader.findTemplateSource("test-view/test-view_en_IN.ftl"): Not found
2023-08-11 00:56:20 DEBUG cache:45 - TemplateLoader.findTemplateSource("test-view/test-view_en.ftl"): Not found
2023-08-11 00:56:20 DEBUG cache:45 - TemplateLoader.findTemplateSource("test-view/test-view.ftl"): Found
2023-08-11 00:56:20 DEBUG cache:45 - Loading template for "test-view/test-view.ftl"("en_IN", UTF-8, parsed) from "jar:file:/C:/Users/ASUS/.m2/repository/com/aventstack/extentreports/3.0.1/extentreports-3.0.1.jar!/com/aventstack/extentreports/view/html-report/test-view/test-view.ftl"
2023-08-11 00:56:20 DEBUG cache:45 - Couldn't find template in cache for "test-view/test-view-charts.ftl"("en_IN", UTF-8, parsed); will try to load it.
2023-08-11 00:56:20 DEBUG cache:45 - TemplateLoader.findTemplateSource("test-view/test-view-charts_en_IN.ftl"): Not found
2023-08-11 00:56:20 DEBUG cache:45 - TemplateLoader.findTemplateSource("test-view/test-view-charts_en.ftl"): Not found
2023-08-11 00:56:20 DEBUG cache:45 - TemplateLoader.findTemplateSource("test-view/test-view-charts.ftl"): Found
2023-08-11 00:56:20 DEBUG cache:45 - Loading template for "test-view/test-view-charts.ftl"("en_IN", UTF-8, parsed) from "jar:file:/C:/Users/ASUS/.m2/repository/com/aventstack/extentreports/3.0.1/extentreports-3.0.1.jar!/com/aventstack/extentreports/view/html-report/test-view/test-view-charts.ftl"
2023-08-11 00:56:20 DEBUG cache:45 - Couldn't find template in cache for "test-view/standard.ftl"("en_IN", UTF-8, parsed); will try to load it.
2023-08-11 00:56:20 DEBUG cache:45 - TemplateLoader.findTemplateSource("test-view/standard_en_IN.ftl"): Not found
2023-08-11 00:56:20 DEBUG cache:45 - TemplateLoader.findTemplateSource("test-view/standard_en.ftl"): Not found
2023-08-11 00:56:20 DEBUG cache:45 - TemplateLoader.findTemplateSource("test-view/standard.ftl"): Found
2023-08-11 00:56:20 DEBUG cache:45 - Loading template for "test-view/standard.ftl"("en_IN", UTF-8, parsed) from "jar:file:/C:/Users/ASUS/.m2/repository/com/aventstack/extentreports/3.0.1/extentreports-3.0.1.jar!/com/aventstack/extentreports/view/html-report/test-view/standard.ftl"
2023-08-11 00:56:20 DEBUG cache:45 - Couldn't find template in cache for "category-view/category-view.ftl"("en_IN", UTF-8, parsed); will try to load it.
2023-08-11 00:56:20 DEBUG cache:45 - TemplateLoader.findTemplateSource("category-view/category-view_en_IN.ftl"): Not found
2023-08-11 00:56:20 DEBUG cache:45 - TemplateLoader.findTemplateSource("category-view/category-view_en.ftl"): Not found
2023-08-11 00:56:20 DEBUG cache:45 - TemplateLoader.findTemplateSource("category-view/category-view.ftl"): Found
2023-08-11 00:56:20 DEBUG cache:45 - Loading template for "category-view/category-view.ftl"("en_IN", UTF-8, parsed) from "jar:file:/C:/Users/ASUS/.m2/repository/com/aventstack/extentreports/3.0.1/extentreports-3.0.1.jar!/com/aventstack/extentreports/view/html-report/category-view/category-view.ftl"
2023-08-11 00:56:20 DEBUG cache:45 - Couldn't find template in cache for "exception-view/exception-view.ftl"("en_IN", UTF-8, parsed); will try to load it.
2023-08-11 00:56:20 DEBUG cache:45 - TemplateLoader.findTemplateSource("exception-view/exception-view_en_IN.ftl"): Not found
2023-08-11 00:56:20 DEBUG cache:45 - TemplateLoader.findTemplateSource("exception-view/exception-view_en.ftl"): Not found
2023-08-11 00:56:20 DEBUG cache:45 - TemplateLoader.findTemplateSource("exception-view/exception-view.ftl"): Found
2023-08-11 00:56:20 DEBUG cache:45 - Loading template for "exception-view/exception-view.ftl"("en_IN", UTF-8, parsed) from "jar:file:/C:/Users/ASUS/.m2/repository/com/aventstack/extentreports/3.0.1/extentreports-3.0.1.jar!/com/aventstack/extentreports/view/html-report/exception-view/exception-view.ftl"
2023-08-11 00:56:20 DEBUG cache:45 - Couldn't find template in cache for "dashboard-view/dashboard-view.ftl"("en_IN", UTF-8, parsed); will try to load it.
2023-08-11 00:56:20 DEBUG cache:45 - TemplateLoader.findTemplateSource("dashboard-view/dashboard-view_en_IN.ftl"): Not found
2023-08-11 00:56:20 DEBUG cache:45 - TemplateLoader.findTemplateSource("dashboard-view/dashboard-view_en.ftl"): Not found
2023-08-11 00:56:20 DEBUG cache:45 - TemplateLoader.findTemplateSource("dashboard-view/dashboard-view.ftl"): Found
2023-08-11 00:56:20 DEBUG cache:45 - Loading template for "dashboard-view/dashboard-view.ftl"("en_IN", UTF-8, parsed) from "jar:file:/C:/Users/ASUS/.m2/repository/com/aventstack/extentreports/3.0.1/extentreports-3.0.1.jar!/com/aventstack/extentreports/view/html-report/dashboard-view/dashboard-view.ftl"
2023-08-11 00:56:20 DEBUG cache:45 - Couldn't find template in cache for "logs-view/testrunner-logs-view.ftl"("en_IN", UTF-8, parsed); will try to load it.
2023-08-11 00:56:20 DEBUG cache:45 - TemplateLoader.findTemplateSource("logs-view/testrunner-logs-view_en_IN.ftl"): Not found
2023-08-11 00:56:20 DEBUG cache:45 - TemplateLoader.findTemplateSource("logs-view/testrunner-logs-view_en.ftl"): Not found
2023-08-11 00:56:20 DEBUG cache:45 - TemplateLoader.findTemplateSource("logs-view/testrunner-logs-view.ftl"): Found
2023-08-11 00:56:20 DEBUG cache:45 - Loading template for "logs-view/testrunner-logs-view.ftl"("en_IN", UTF-8, parsed) from "jar:file:/C:/Users/ASUS/.m2/repository/com/aventstack/extentreports/3.0.1/extentreports-3.0.1.jar!/com/aventstack/extentreports/view/html-report/logs-view/testrunner-logs-view.ftl"
2023-08-11 00:56:31 DEBUG cache:45 - Couldn't find template in cache for "index.ftl"("en_IN", UTF-8, parsed); will try to load it.
2023-08-11 00:56:31 DEBUG cache:45 - TemplateLoader.findTemplateSource("index_en_IN.ftl"): Not found
2023-08-11 00:56:31 DEBUG cache:45 - TemplateLoader.findTemplateSource("index_en.ftl"): Not found
2023-08-11 00:56:31 DEBUG cache:45 - TemplateLoader.findTemplateSource("index.ftl"): Found
2023-08-11 00:56:31 DEBUG cache:45 - Loading template for "index.ftl"("en_IN", UTF-8, parsed) from "jar:file:/C:/Users/ASUS/.m2/repository/com/aventstack/extentreports/3.0.1/extentreports-3.0.1.jar!/com/aventstack/extentreports/view/html-report/index.ftl"
2023-08-11 00:56:31 DEBUG cache:45 - Couldn't find template in cache for "head.ftl"("en_IN", UTF-8, parsed); will try to load it.
2023-08-11 00:56:31 DEBUG cache:45 - TemplateLoader.findTemplateSource("head_en_IN.ftl"): Not found
2023-08-11 00:56:31 DEBUG cache:45 - TemplateLoader.findTemplateSource("head_en.ftl"): Not found
2023-08-11 00:56:31 DEBUG cache:45 - TemplateLoader.findTemplateSource("head.ftl"): Found
2023-08-11 00:56:31 DEBUG cache:45 - Loading template for "head.ftl"("en_IN", UTF-8, parsed) from "jar:file:/C:/Users/ASUS/.m2/repository/com/aventstack/extentreports/3.0.1/extentreports-3.0.1.jar!/com/aventstack/extentreports/view/html-report/head.ftl"
2023-08-11 00:56:31 DEBUG cache:45 - Couldn't find template in cache for "nav.ftl"("en_IN", UTF-8, parsed); will try to load it.
2023-08-11 00:56:31 DEBUG cache:45 - TemplateLoader.findTemplateSource("nav_en_IN.ftl"): Not found
2023-08-11 00:56:31 DEBUG cache:45 - TemplateLoader.findTemplateSource("nav_en.ftl"): Not found
2023-08-11 00:56:31 DEBUG cache:45 - TemplateLoader.findTemplateSource("nav.ftl"): Found
2023-08-11 00:56:31 DEBUG cache:45 - Loading template for "nav.ftl"("en_IN", UTF-8, parsed) from "jar:file:/C:/Users/ASUS/.m2/repository/com/aventstack/extentreports/3.0.1/extentreports-3.0.1.jar!/com/aventstack/extentreports/view/html-report/nav.ftl"
2023-08-11 00:56:31 DEBUG cache:45 - Couldn't find template in cache for "test-view/test-view.ftl"("en_IN", UTF-8, parsed); will try to load it.
2023-08-11 00:56:31 DEBUG cache:45 - TemplateLoader.findTemplateSource("test-view/test-view_en_IN.ftl"): Not found
2023-08-11 00:56:31 DEBUG cache:45 - TemplateLoader.findTemplateSource("test-view/test-view_en.ftl"): Not found
2023-08-11 00:56:31 DEBUG cache:45 - TemplateLoader.findTemplateSource("test-view/test-view.ftl"): Found
2023-08-11 00:56:31 DEBUG cache:45 - Loading template for "test-view/test-view.ftl"("en_IN", UTF-8, parsed) from "jar:file:/C:/Users/ASUS/.m2/repository/com/aventstack/extentreports/3.0.1/extentreports-3.0.1.jar!/com/aventstack/extentreports/view/html-report/test-view/test-view.ftl"
2023-08-11 00:56:31 DEBUG cache:45 - Couldn't find template in cache for "test-view/test-view-charts.ftl"("en_IN", UTF-8, parsed); will try to load it.
2023-08-11 00:56:31 DEBUG cache:45 - TemplateLoader.findTemplateSource("test-view/test-view-charts_en_IN.ftl"): Not found
2023-08-11 00:56:31 DEBUG cache:45 - TemplateLoader.findTemplateSource("test-view/test-view-charts_en.ftl"): Not found
2023-08-11 00:56:31 DEBUG cache:45 - TemplateLoader.findTemplateSource("test-view/test-view-charts.ftl"): Found
2023-08-11 00:56:31 DEBUG cache:45 - Loading template for "test-view/test-view-charts.ftl"("en_IN", UTF-8, parsed) from "jar:file:/C:/Users/ASUS/.m2/repository/com/aventstack/extentreports/3.0.1/extentreports-3.0.1.jar!/com/aventstack/extentreports/view/html-report/test-view/test-view-charts.ftl"
2023-08-11 00:56:31 DEBUG cache:45 - Couldn't find template in cache for "test-view/standard.ftl"("en_IN", UTF-8, parsed); will try to load it.
2023-08-11 00:56:31 DEBUG cache:45 - TemplateLoader.findTemplateSource("test-view/standard_en_IN.ftl"): Not found
2023-08-11 00:56:31 DEBUG cache:45 - TemplateLoader.findTemplateSource("test-view/standard_en.ftl"): Not found
2023-08-11 00:56:31 DEBUG cache:45 - TemplateLoader.findTemplateSource("test-view/standard.ftl"): Found
2023-08-11 00:56:31 DEBUG cache:45 - Loading template for "test-view/standard.ftl"("en_IN", UTF-8, parsed) from "jar:file:/C:/Users/ASUS/.m2/repository/com/aventstack/extentreports/3.0.1/extentreports-3.0.1.jar!/com/aventstack/extentreports/view/html-report/test-view/standard.ftl"
2023-08-11 00:56:31 DEBUG cache:45 - "test-view/standard.ftl"("en_IN", UTF-8, parsed) cached copy not yet stale; using cached.
2023-08-11 00:56:31 DEBUG cache:45 - Couldn't find template in cache for "category-view/category-view.ftl"("en_IN", UTF-8, parsed); will try to load it.
2023-08-11 00:56:31 DEBUG cache:45 - TemplateLoader.findTemplateSource("category-view/category-view_en_IN.ftl"): Not found
2023-08-11 00:56:31 DEBUG cache:45 - TemplateLoader.findTemplateSource("category-view/category-view_en.ftl"): Not found
2023-08-11 00:56:31 DEBUG cache:45 - TemplateLoader.findTemplateSource("category-view/category-view.ftl"): Found
2023-08-11 00:56:31 DEBUG cache:45 - Loading template for "category-view/category-view.ftl"("en_IN", UTF-8, parsed) from "jar:file:/C:/Users/ASUS/.m2/repository/com/aventstack/extentreports/3.0.1/extentreports-3.0.1.jar!/com/aventstack/extentreports/view/html-report/category-view/category-view.ftl"
2023-08-11 00:56:31 DEBUG cache:45 - Couldn't find template in cache for "exception-view/exception-view.ftl"("en_IN", UTF-8, parsed); will try to load it.
2023-08-11 00:56:31 DEBUG cache:45 - TemplateLoader.findTemplateSource("exception-view/exception-view_en_IN.ftl"): Not found
2023-08-11 00:56:31 DEBUG cache:45 - TemplateLoader.findTemplateSource("exception-view/exception-view_en.ftl"): Not found
2023-08-11 00:56:31 DEBUG cache:45 - TemplateLoader.findTemplateSource("exception-view/exception-view.ftl"): Found
2023-08-11 00:56:31 DEBUG cache:45 - Loading template for "exception-view/exception-view.ftl"("en_IN", UTF-8, parsed) from "jar:file:/C:/Users/ASUS/.m2/repository/com/aventstack/extentreports/3.0.1/extentreports-3.0.1.jar!/com/aventstack/extentreports/view/html-report/exception-view/exception-view.ftl"
2023-08-11 00:56:31 DEBUG cache:45 - Couldn't find template in cache for "dashboard-view/dashboard-view.ftl"("en_IN", UTF-8, parsed); will try to load it.
2023-08-11 00:56:31 DEBUG cache:45 - TemplateLoader.findTemplateSource("dashboard-view/dashboard-view_en_IN.ftl"): Not found
2023-08-11 00:56:31 DEBUG cache:45 - TemplateLoader.findTemplateSource("dashboard-view/dashboard-view_en.ftl"): Not found
2023-08-11 00:56:31 DEBUG cache:45 - TemplateLoader.findTemplateSource("dashboard-view/dashboard-view.ftl"): Found
2023-08-11 00:56:31 DEBUG cache:45 - Loading template for "dashboard-view/dashboard-view.ftl"("en_IN", UTF-8, parsed) from "jar:file:/C:/Users/ASUS/.m2/repository/com/aventstack/extentreports/3.0.1/extentreports-3.0.1.jar!/com/aventstack/extentreports/view/html-report/dashboard-view/dashboard-view.ftl"
2023-08-11 00:56:31 DEBUG cache:45 - Couldn't find template in cache for "logs-view/testrunner-logs-view.ftl"("en_IN", UTF-8, parsed); will try to load it.
2023-08-11 00:56:31 DEBUG cache:45 - TemplateLoader.findTemplateSource("logs-view/testrunner-logs-view_en_IN.ftl"): Not found
2023-08-11 00:56:31 DEBUG cache:45 - TemplateLoader.findTemplateSource("logs-view/testrunner-logs-view_en.ftl"): Not found
2023-08-11 00:56:31 DEBUG cache:45 - TemplateLoader.findTemplateSource("logs-view/testrunner-logs-view.ftl"): Found
2023-08-11 00:56:31 DEBUG cache:45 - Loading template for "logs-view/testrunner-logs-view.ftl"("en_IN", UTF-8, parsed) from "jar:file:/C:/Users/ASUS/.m2/repository/com/aventstack/extentreports/3.0.1/extentreports-3.0.1.jar!/com/aventstack/extentreports/view/html-report/logs-view/testrunner-logs-view.ftl"
